---------------------------------------------------------------
[ 2018-10-19T03:26:56+08:00 ] 127.0.0.1 GET http://input.shouji.sogou.com/jsp/personalcenter/pcgettime.jsp?h=D2F8C387F2AE83A46487BC43E581070B&v=9.1.0.2589&r=0000_sogou_pinyin_90c&St=1&Ut=1
[ info ] input.shouji.sogou.comhttp://input.shouji.sogou.com/jsp/personalcenter/pcgettime.jsp?h=D2F8C387F2AE83A46487BC43E581070B&v=9.1.0.2589&r=0000_sogou_pinyin_90c&St=1&Ut=1 [运行时间：0.078074s][吞吐率：12.81req/s] [内存消耗：1,472.98kb] [文件加载：48]
[ info ] [ BEHAVIOR ] Run Closure @app_init [ RunTime:0.000115s ]
[ info ] [ CACHE ] INIT File
[ info ] [ BEHAVIOR ] Run Closure @app_init [ RunTime:0.004932s ]
[ info ] [ LANG ] E:\install\server\xmapp721\htdocs\fask\thinkphp\lang\zh-cn.php
[ info ] [ ROUTE ] array (
  'type' => 'module',
  'module' => 
  array (
    0 => 'jsp',
    1 => 'personalcenter',
    2 => 'pcgettime.jsp',
  ),
)
[ info ] [ HEADER ] array (
  'user-agent' => 'SOGOU_UPDATER',
  'host' => 'input.shouji.sogou.com',
  'accept' => '*/*',
  'proxy-connection' => 'Keep-Alive',
)
[ info ] [ PARAM ] array (
  'h' => 'D2F8C387F2AE83A46487BC43E581070B',
  'v' => '9.1.0.2589',
  'r' => '0000_sogou_pinyin_90c',
  'St' => '1',
  'Ut' => '1',
)
[ info ] [ LOG ] INIT File
---------------------------------------------------------------
[ 2018-10-19T18:18:48+08:00 ] 0.0.0.0 GET /favicon.ico
[ info ] localhost/favicon.ico [运行时间：0.067998s][吞吐率：14.71req/s] [内存消耗：1,474.51kb] [文件加载：48]
[ info ] [ BEHAVIOR ] Run Closure @app_init [ RunTime:0.000036s ]
[ info ] [ CACHE ] INIT File
[ info ] [ BEHAVIOR ] Run Closure @app_init [ RunTime:0.003813s ]
[ info ] [ LANG ] E:\install\server\xmapp721\htdocs\fask\thinkphp\lang\zh-cn.php
[ info ] [ ROUTE ] array (
  'type' => 'module',
  'module' => 
  array (
    0 => 'favicon.ico',
    1 => NULL,
    2 => NULL,
  ),
)
[ info ] [ HEADER ] array (
  'host' => 'localhost',
  'connection' => 'keep-alive',
  'user-agent' => 'Mozilla/5.0 (Windows NT 10.0; WOW64) AppleWebKit/537.36 (KHTML, like Gecko) Chrome/63.0.3239.26 Safari/537.36 Core/1.63.6756.400 QQBrowser/10.3.2473.400',
  'accept-encoding' => 'gzip, deflate, br',
  'accept-language' => 'zh-CN,zh;q=0.9',
  'cookie' => 'Hm_lvt_4e5bdf78b2b9fcb88736fc67709f2806=1536927713,1537021512,1538063312,1538880214; _ga=GA1.1.1388111336.1539147199; debugMode=1; renderMode=0; device=0; __guid=111872281.1145414408046204800.1539583950603.4358; Hm_lvt_f8d0a8c400404989e195270b0bbf060a=1538069569,1538227991,1538968334,1539769121',
)
[ info ] [ PARAM ] array (
)
[ info ] [ LOG ] INIT File
---------------------------------------------------------------
[ 2018-10-19T21:56:38+08:00 ] 0.0.0.0 GET /favicon.ico
[ info ] localhost/favicon.ico [运行时间：1.374028s][吞吐率：0.73req/s] [内存消耗：1,474.51kb] [文件加载：48]
[ info ] [ BEHAVIOR ] Run Closure @app_init [ RunTime:0.000199s ]
[ info ] [ CACHE ] INIT File
[ info ] [ BEHAVIOR ] Run Closure @app_init [ RunTime:0.070375s ]
[ info ] [ LANG ] E:\install\server\xmapp721\htdocs\fask\thinkphp\lang\zh-cn.php
[ info ] [ ROUTE ] array (
  'type' => 'module',
  'module' => 
  array (
    0 => 'favicon.ico',
    1 => NULL,
    2 => NULL,
  ),
)
[ info ] [ HEADER ] array (
  'host' => 'localhost',
  'connection' => 'keep-alive',
  'user-agent' => 'Mozilla/5.0 (Windows NT 10.0; WOW64) AppleWebKit/537.36 (KHTML, like Gecko) Chrome/63.0.3239.26 Safari/537.36 Core/1.63.6756.400 QQBrowser/10.3.2473.400',
  'accept-encoding' => 'gzip, deflate, br',
  'accept-language' => 'zh-CN,zh;q=0.9',
  'cookie' => 'Hm_lvt_4e5bdf78b2b9fcb88736fc67709f2806=1536927713,1537021512,1538063312,1538880214; _ga=GA1.1.1388111336.1539147199; debugMode=1; renderMode=0; device=0; __guid=111872281.1145414408046204800.1539583950603.4358; Hm_lvt_f8d0a8c400404989e195270b0bbf060a=1538069569,1538227991,1538968334,1539769121',
)
[ info ] [ PARAM ] array (
)
[ info ] [ LOG ] INIT File
---------------------------------------------------------------
[ 2018-10-19T21:59:23+08:00 ] 127.0.0.1 GET /octolive2djs/
[ info ] 127.0.0.1/octolive2djs/ [运行时间：0.045633s][吞吐率：21.91req/s] [内存消耗：1,476.93kb] [文件加载：48]
[ info ] [ BEHAVIOR ] Run Closure @app_init [ RunTime:0.000026s ]
[ info ] [ CACHE ] INIT File
[ info ] [ BEHAVIOR ] Run Closure @app_init [ RunTime:0.003067s ]
[ info ] [ LANG ] E:\install\server\xmapp721\htdocs\fask\thinkphp\lang\zh-cn.php
[ info ] [ ROUTE ] array (
  'type' => 'module',
  'module' => 
  array (
    0 => 'octolive2djs',
    1 => NULL,
    2 => NULL,
  ),
)
[ info ] [ HEADER ] array (
  'host' => '127.0.0.1',
  'connection' => 'keep-alive',
  'upgrade-insecure-requests' => '1',
  'user-agent' => 'Mozilla/5.0 (Windows NT 10.0; WOW64) AppleWebKit/537.36 (KHTML, like Gecko) Chrome/63.0.3239.26 Safari/537.36 Core/1.63.6756.400 QQBrowser/10.3.2473.400',
  'accept' => 'text/html,application/xhtml+xml,application/xml;q=0.9,image/webp,image/apng,*/*;q=0.8',
  'referer' => 'http://ohayou.aimo.moe/',
  'accept-encoding' => 'gzip, deflate, br',
  'accept-language' => 'zh-CN,zh;q=0.9',
  'cookie' => 'phpmodel=; serverip=14.196.86.64; iplist=14.196.86.64; webSoft=E%3A%5Cinstall%5Cbaota%5CBtSoft%5CWebSoft; web=false; ftp=; mysql=; sqlserver=; PCmemory=8183%2C874; upNet=15.5; downNet=26.26; memSize=8183; serverType=Apache2.4; Hm_lvt_f8d0a8c400404989e195270b0bbf060a=1538889745; Hm_lvt_1c7e5db7286d0df78e67d1b5a2c09a6a=1538902221; Hm_lvt_4e5bdf78b2b9fcb88736fc67709f2806=1539075448; __guid=96992031.650863793318876500.1539105404635.5703',
)
[ info ] [ PARAM ] array (
)
[ info ] [ LOG ] INIT File
---------------------------------------------------------------
[ 2018-10-19T22:00:28+08:00 ] 0.0.0.0 GET /favicon.ico
[ info ] localhost/favicon.ico [运行时间：0.073901s][吞吐率：13.53req/s] [内存消耗：1,474.51kb] [文件加载：48]
[ info ] [ BEHAVIOR ] Run Closure @app_init [ RunTime:0.000159s ]
[ info ] [ CACHE ] INIT File
[ info ] [ BEHAVIOR ] Run Closure @app_init [ RunTime:0.003568s ]
[ info ] [ LANG ] E:\install\server\xmapp721\htdocs\fask\thinkphp\lang\zh-cn.php
[ info ] [ ROUTE ] array (
  'type' => 'module',
  'module' => 
  array (
    0 => 'favicon.ico',
    1 => NULL,
    2 => NULL,
  ),
)
[ info ] [ HEADER ] array (
  'host' => 'localhost',
  'connection' => 'keep-alive',
  'user-agent' => 'Mozilla/5.0 (Windows NT 10.0; WOW64) AppleWebKit/537.36 (KHTML, like Gecko) Chrome/63.0.3239.26 Safari/537.36 Core/1.63.6756.400 QQBrowser/10.3.2473.400',
  'accept-encoding' => 'gzip, deflate, br',
  'accept-language' => 'zh-CN,zh;q=0.9',
  'cookie' => 'Hm_lvt_4e5bdf78b2b9fcb88736fc67709f2806=1536927713,1537021512,1538063312,1538880214; _ga=GA1.1.1388111336.1539147199; debugMode=1; renderMode=0; device=0; __guid=111872281.1145414408046204800.1539583950603.4358; Hm_lvt_f8d0a8c400404989e195270b0bbf060a=1538069569,1538227991,1538968334,1539769121',
)
[ info ] [ PARAM ] array (
)
[ info ] [ LOG ] INIT File
---------------------------------------------------------------
[ 2018-10-19T22:00:31+08:00 ] 0.0.0.0 GET /favicon.ico
[ info ] localhost/favicon.ico [运行时间：0.051601s][吞吐率：19.38req/s] [内存消耗：1,474.51kb] [文件加载：48]
[ info ] [ BEHAVIOR ] Run Closure @app_init [ RunTime:0.000026s ]
[ info ] [ CACHE ] INIT File
[ info ] [ BEHAVIOR ] Run Closure @app_init [ RunTime:0.002160s ]
[ info ] [ LANG ] E:\install\server\xmapp721\htdocs\fask\thinkphp\lang\zh-cn.php
[ info ] [ ROUTE ] array (
  'type' => 'module',
  'module' => 
  array (
    0 => 'favicon.ico',
    1 => NULL,
    2 => NULL,
  ),
)
[ info ] [ HEADER ] array (
  'host' => 'localhost',
  'connection' => 'keep-alive',
  'user-agent' => 'Mozilla/5.0 (Windows NT 10.0; WOW64) AppleWebKit/537.36 (KHTML, like Gecko) Chrome/63.0.3239.26 Safari/537.36 Core/1.63.6756.400 QQBrowser/10.3.2473.400',
  'accept-encoding' => 'gzip, deflate, br',
  'accept-language' => 'zh-CN,zh;q=0.9',
  'cookie' => 'Hm_lvt_4e5bdf78b2b9fcb88736fc67709f2806=1536927713,1537021512,1538063312,1538880214; _ga=GA1.1.1388111336.1539147199; debugMode=1; renderMode=0; device=0; __guid=111872281.1145414408046204800.1539583950603.4358; Hm_lvt_f8d0a8c400404989e195270b0bbf060a=1538069569,1538227991,1538968334,1539769121',
)
[ info ] [ PARAM ] array (
)
[ info ] [ LOG ] INIT File
---------------------------------------------------------------
[ 2018-10-19T22:00:37+08:00 ] 0.0.0.0 GET /favicon.ico
[ info ] localhost/favicon.ico [运行时间：0.039241s][吞吐率：25.48req/s] [内存消耗：1,474.51kb] [文件加载：48]
[ info ] [ BEHAVIOR ] Run Closure @app_init [ RunTime:0.000027s ]
[ info ] [ CACHE ] INIT File
[ info ] [ BEHAVIOR ] Run Closure @app_init [ RunTime:0.002137s ]
[ info ] [ LANG ] E:\install\server\xmapp721\htdocs\fask\thinkphp\lang\zh-cn.php
[ info ] [ ROUTE ] array (
  'type' => 'module',
  'module' => 
  array (
    0 => 'favicon.ico',
    1 => NULL,
    2 => NULL,
  ),
)
[ info ] [ HEADER ] array (
  'host' => 'localhost',
  'connection' => 'keep-alive',
  'user-agent' => 'Mozilla/5.0 (Windows NT 10.0; WOW64) AppleWebKit/537.36 (KHTML, like Gecko) Chrome/63.0.3239.26 Safari/537.36 Core/1.63.6756.400 QQBrowser/10.3.2473.400',
  'accept-encoding' => 'gzip, deflate, br',
  'accept-language' => 'zh-CN,zh;q=0.9',
  'cookie' => 'Hm_lvt_4e5bdf78b2b9fcb88736fc67709f2806=1536927713,1537021512,1538063312,1538880214; _ga=GA1.1.1388111336.1539147199; debugMode=1; renderMode=0; device=0; __guid=111872281.1145414408046204800.1539583950603.4358; Hm_lvt_f8d0a8c400404989e195270b0bbf060a=1538069569,1538227991,1538968334,1539769121',
)
[ info ] [ PARAM ] array (
)
[ info ] [ LOG ] INIT File
---------------------------------------------------------------
[ 2018-10-19T22:00:52+08:00 ] 0.0.0.0 GET /favicon.ico
[ info ] localhost/favicon.ico [运行时间：0.048257s][吞吐率：20.72req/s] [内存消耗：1,474.51kb] [文件加载：48]
[ info ] [ BEHAVIOR ] Run Closure @app_init [ RunTime:0.000030s ]
[ info ] [ CACHE ] INIT File
[ info ] [ BEHAVIOR ] Run Closure @app_init [ RunTime:0.002335s ]
[ info ] [ LANG ] E:\install\server\xmapp721\htdocs\fask\thinkphp\lang\zh-cn.php
[ info ] [ ROUTE ] array (
  'type' => 'module',
  'module' => 
  array (
    0 => 'favicon.ico',
    1 => NULL,
    2 => NULL,
  ),
)
[ info ] [ HEADER ] array (
  'host' => 'localhost',
  'connection' => 'keep-alive',
  'user-agent' => 'Mozilla/5.0 (Windows NT 10.0; WOW64) AppleWebKit/537.36 (KHTML, like Gecko) Chrome/63.0.3239.26 Safari/537.36 Core/1.63.6756.400 QQBrowser/10.3.2473.400',
  'accept-encoding' => 'gzip, deflate, br',
  'accept-language' => 'zh-CN,zh;q=0.9',
  'cookie' => 'Hm_lvt_4e5bdf78b2b9fcb88736fc67709f2806=1536927713,1537021512,1538063312,1538880214; _ga=GA1.1.1388111336.1539147199; debugMode=1; renderMode=0; device=0; __guid=111872281.1145414408046204800.1539583950603.4358; Hm_lvt_f8d0a8c400404989e195270b0bbf060a=1538069569,1538227991,1538968334,1539769121',
)
[ info ] [ PARAM ] array (
)
[ info ] [ LOG ] INIT File
---------------------------------------------------------------
[ 2018-10-19T22:01:04+08:00 ] 0.0.0.0 GET /favicon.ico
[ info ] localhost/favicon.ico [运行时间：0.052105s][吞吐率：19.19req/s] [内存消耗：1,474.51kb] [文件加载：48]
[ info ] [ BEHAVIOR ] Run Closure @app_init [ RunTime:0.000035s ]
[ info ] [ CACHE ] INIT File
[ info ] [ BEHAVIOR ] Run Closure @app_init [ RunTime:0.002342s ]
[ info ] [ LANG ] E:\install\server\xmapp721\htdocs\fask\thinkphp\lang\zh-cn.php
[ info ] [ ROUTE ] array (
  'type' => 'module',
  'module' => 
  array (
    0 => 'favicon.ico',
    1 => NULL,
    2 => NULL,
  ),
)
[ info ] [ HEADER ] array (
  'host' => 'localhost',
  'connection' => 'keep-alive',
  'user-agent' => 'Mozilla/5.0 (Windows NT 10.0; WOW64) AppleWebKit/537.36 (KHTML, like Gecko) Chrome/63.0.3239.26 Safari/537.36 Core/1.63.6756.400 QQBrowser/10.3.2473.400',
  'accept-encoding' => 'gzip, deflate, br',
  'accept-language' => 'zh-CN,zh;q=0.9',
  'cookie' => 'Hm_lvt_4e5bdf78b2b9fcb88736fc67709f2806=1536927713,1537021512,1538063312,1538880214; _ga=GA1.1.1388111336.1539147199; debugMode=1; renderMode=0; device=0; __guid=111872281.1145414408046204800.1539583950603.4358; Hm_lvt_f8d0a8c400404989e195270b0bbf060a=1538069569,1538227991,1538968334,1539769121',
)
[ info ] [ PARAM ] array (
)
[ info ] [ LOG ] INIT File
---------------------------------------------------------------
[ 2018-10-19T22:25:26+08:00 ] 0.0.0.0 GET /favicon.ico
[ info ] localhost/favicon.ico [运行时间：0.062033s][吞吐率：16.12req/s] [内存消耗：1,474.51kb] [文件加载：48]
[ info ] [ BEHAVIOR ] Run Closure @app_init [ RunTime:0.000032s ]
[ info ] [ CACHE ] INIT File
[ info ] [ BEHAVIOR ] Run Closure @app_init [ RunTime:0.003131s ]
[ info ] [ LANG ] E:\install\server\xmapp721\htdocs\fask\thinkphp\lang\zh-cn.php
[ info ] [ ROUTE ] array (
  'type' => 'module',
  'module' => 
  array (
    0 => 'favicon.ico',
    1 => NULL,
    2 => NULL,
  ),
)
[ info ] [ HEADER ] array (
  'host' => 'localhost',
  'connection' => 'keep-alive',
  'user-agent' => 'Mozilla/5.0 (Windows NT 10.0; WOW64) AppleWebKit/537.36 (KHTML, like Gecko) Chrome/63.0.3239.26 Safari/537.36 Core/1.63.6756.400 QQBrowser/10.3.2473.400',
  'accept-encoding' => 'gzip, deflate, br',
  'accept-language' => 'zh-CN,zh;q=0.9',
  'cookie' => 'Hm_lvt_4e5bdf78b2b9fcb88736fc67709f2806=1536927713,1537021512,1538063312,1538880214; _ga=GA1.1.1388111336.1539147199; debugMode=1; renderMode=0; device=0; __guid=111872281.1145414408046204800.1539583950603.4358; Hm_lvt_f8d0a8c400404989e195270b0bbf060a=1538069569,1538227991,1538968334,1539769121',
)
[ info ] [ PARAM ] array (
)
[ info ] [ LOG ] INIT File
---------------------------------------------------------------
[ 2018-10-19T22:25:40+08:00 ] 0.0.0.0 GET /favicon.ico
[ info ] localhost/favicon.ico [运行时间：0.037069s][吞吐率：26.98req/s] [内存消耗：1,474.51kb] [文件加载：48]
[ info ] [ BEHAVIOR ] Run Closure @app_init [ RunTime:0.000026s ]
[ info ] [ CACHE ] INIT File
[ info ] [ BEHAVIOR ] Run Closure @app_init [ RunTime:0.002187s ]
[ info ] [ LANG ] E:\install\server\xmapp721\htdocs\fask\thinkphp\lang\zh-cn.php
[ info ] [ ROUTE ] array (
  'type' => 'module',
  'module' => 
  array (
    0 => 'favicon.ico',
    1 => NULL,
    2 => NULL,
  ),
)
[ info ] [ HEADER ] array (
  'host' => 'localhost',
  'connection' => 'keep-alive',
  'user-agent' => 'Mozilla/5.0 (Windows NT 10.0; WOW64) AppleWebKit/537.36 (KHTML, like Gecko) Chrome/63.0.3239.26 Safari/537.36 Core/1.63.6756.400 QQBrowser/10.3.2473.400',
  'accept-encoding' => 'gzip, deflate, br',
  'accept-language' => 'zh-CN,zh;q=0.9',
  'cookie' => 'Hm_lvt_4e5bdf78b2b9fcb88736fc67709f2806=1536927713,1537021512,1538063312,1538880214; _ga=GA1.1.1388111336.1539147199; debugMode=1; renderMode=0; device=0; __guid=111872281.1145414408046204800.1539583950603.4358; Hm_lvt_f8d0a8c400404989e195270b0bbf060a=1538069569,1538227991,1538968334,1539769121',
)
[ info ] [ PARAM ] array (
)
[ info ] [ LOG ] INIT File
---------------------------------------------------------------
[ 2018-10-19T22:26:24+08:00 ] 0.0.0.0 GET /favicon.ico
[ info ] localhost/favicon.ico [运行时间：0.044079s][吞吐率：22.69req/s] [内存消耗：1,474.51kb] [文件加载：48]
[ info ] [ BEHAVIOR ] Run Closure @app_init [ RunTime:0.000027s ]
[ info ] [ CACHE ] INIT File
[ info ] [ BEHAVIOR ] Run Closure @app_init [ RunTime:0.002152s ]
[ info ] [ LANG ] E:\install\server\xmapp721\htdocs\fask\thinkphp\lang\zh-cn.php
[ info ] [ ROUTE ] array (
  'type' => 'module',
  'module' => 
  array (
    0 => 'favicon.ico',
    1 => NULL,
    2 => NULL,
  ),
)
[ info ] [ HEADER ] array (
  'host' => 'localhost',
  'connection' => 'keep-alive',
  'user-agent' => 'Mozilla/5.0 (Windows NT 10.0; WOW64) AppleWebKit/537.36 (KHTML, like Gecko) Chrome/63.0.3239.26 Safari/537.36 Core/1.63.6756.400 QQBrowser/10.3.2473.400',
  'accept-encoding' => 'gzip, deflate, br',
  'accept-language' => 'zh-CN,zh;q=0.9',
  'cookie' => 'Hm_lvt_4e5bdf78b2b9fcb88736fc67709f2806=1536927713,1537021512,1538063312,1538880214; _ga=GA1.1.1388111336.1539147199; debugMode=1; renderMode=0; device=0; __guid=111872281.1145414408046204800.1539583950603.4358; Hm_lvt_f8d0a8c400404989e195270b0bbf060a=1538069569,1538227991,1538968334,1539769121',
)
[ info ] [ PARAM ] array (
)
[ info ] [ LOG ] INIT File
---------------------------------------------------------------
[ 2018-10-19T22:27:33+08:00 ] 0.0.0.0 GET /favicon.ico
[ info ] localhost/favicon.ico [运行时间：0.050214s][吞吐率：19.91req/s] [内存消耗：1,474.51kb] [文件加载：48]
[ info ] [ BEHAVIOR ] Run Closure @app_init [ RunTime:0.000028s ]
[ info ] [ CACHE ] INIT File
[ info ] [ BEHAVIOR ] Run Closure @app_init [ RunTime:0.003098s ]
[ info ] [ LANG ] E:\install\server\xmapp721\htdocs\fask\thinkphp\lang\zh-cn.php
[ info ] [ ROUTE ] array (
  'type' => 'module',
  'module' => 
  array (
    0 => 'favicon.ico',
    1 => NULL,
    2 => NULL,
  ),
)
[ info ] [ HEADER ] array (
  'host' => 'localhost',
  'connection' => 'keep-alive',
  'user-agent' => 'Mozilla/5.0 (Windows NT 10.0; WOW64) AppleWebKit/537.36 (KHTML, like Gecko) Chrome/63.0.3239.26 Safari/537.36 Core/1.63.6756.400 QQBrowser/10.3.2473.400',
  'accept-encoding' => 'gzip, deflate, br',
  'accept-language' => 'zh-CN,zh;q=0.9',
  'cookie' => 'Hm_lvt_4e5bdf78b2b9fcb88736fc67709f2806=1536927713,1537021512,1538063312,1538880214; _ga=GA1.1.1388111336.1539147199; debugMode=1; renderMode=0; device=0; __guid=111872281.1145414408046204800.1539583950603.4358; Hm_lvt_f8d0a8c400404989e195270b0bbf060a=1538069569,1538227991,1538968334,1539769121',
)
[ info ] [ PARAM ] array (
)
[ info ] [ LOG ] INIT File
---------------------------------------------------------------
[ 2018-10-19T22:32:29+08:00 ] 0.0.0.0 GET /favicon.ico
[ info ] localhost/favicon.ico [运行时间：0.067217s][吞吐率：14.88req/s] [内存消耗：1,474.51kb] [文件加载：48]
[ info ] [ BEHAVIOR ] Run Closure @app_init [ RunTime:0.000050s ]
[ info ] [ CACHE ] INIT File
[ info ] [ BEHAVIOR ] Run Closure @app_init [ RunTime:0.003308s ]
[ info ] [ LANG ] E:\install\server\xmapp721\htdocs\fask\thinkphp\lang\zh-cn.php
[ info ] [ ROUTE ] array (
  'type' => 'module',
  'module' => 
  array (
    0 => 'favicon.ico',
    1 => NULL,
    2 => NULL,
  ),
)
[ info ] [ HEADER ] array (
  'host' => 'localhost',
  'connection' => 'keep-alive',
  'user-agent' => 'Mozilla/5.0 (Windows NT 10.0; WOW64) AppleWebKit/537.36 (KHTML, like Gecko) Chrome/63.0.3239.26 Safari/537.36 Core/1.63.6756.400 QQBrowser/10.3.2473.400',
  'accept-encoding' => 'gzip, deflate, br',
  'accept-language' => 'zh-CN,zh;q=0.9',
  'cookie' => 'Hm_lvt_4e5bdf78b2b9fcb88736fc67709f2806=1536927713,1537021512,1538063312,1538880214; _ga=GA1.1.1388111336.1539147199; debugMode=1; renderMode=0; device=0; __guid=111872281.1145414408046204800.1539583950603.4358; Hm_lvt_f8d0a8c400404989e195270b0bbf060a=1538069569,1538227991,1538968334,1539769121',
)
[ info ] [ PARAM ] array (
)
[ info ] [ LOG ] INIT File
---------------------------------------------------------------
[ 2018-10-19T22:33:35+08:00 ] 0.0.0.0 GET /favicon.ico
[ info ] localhost/favicon.ico [运行时间：0.050975s][吞吐率：19.62req/s] [内存消耗：1,474.51kb] [文件加载：48]
[ info ] [ BEHAVIOR ] Run Closure @app_init [ RunTime:0.000028s ]
[ info ] [ CACHE ] INIT File
[ info ] [ BEHAVIOR ] Run Closure @app_init [ RunTime:0.002699s ]
[ info ] [ LANG ] E:\install\server\xmapp721\htdocs\fask\thinkphp\lang\zh-cn.php
[ info ] [ ROUTE ] array (
  'type' => 'module',
  'module' => 
  array (
    0 => 'favicon.ico',
    1 => NULL,
    2 => NULL,
  ),
)
[ info ] [ HEADER ] array (
  'host' => 'localhost',
  'connection' => 'keep-alive',
  'user-agent' => 'Mozilla/5.0 (Windows NT 10.0; WOW64) AppleWebKit/537.36 (KHTML, like Gecko) Chrome/63.0.3239.26 Safari/537.36 Core/1.63.6756.400 QQBrowser/10.3.2473.400',
  'accept-encoding' => 'gzip, deflate, br',
  'accept-language' => 'zh-CN,zh;q=0.9',
  'cookie' => 'Hm_lvt_4e5bdf78b2b9fcb88736fc67709f2806=1536927713,1537021512,1538063312,1538880214; _ga=GA1.1.1388111336.1539147199; debugMode=1; renderMode=0; device=0; __guid=111872281.1145414408046204800.1539583950603.4358; Hm_lvt_f8d0a8c400404989e195270b0bbf060a=1538069569,1538227991,1538968334,1539769121',
)
[ info ] [ PARAM ] array (
)
[ info ] [ LOG ] INIT File
---------------------------------------------------------------
[ 2018-10-19T23:33:27+08:00 ] 0.0.0.0 GET /favicon.ico
[ info ] localhost/favicon.ico [运行时间：0.065355s][吞吐率：15.30req/s] [内存消耗：1,474.51kb] [文件加载：48]
[ info ] [ BEHAVIOR ] Run Closure @app_init [ RunTime:0.000158s ]
[ info ] [ CACHE ] INIT File
[ info ] [ BEHAVIOR ] Run Closure @app_init [ RunTime:0.003625s ]
[ info ] [ LANG ] E:\install\server\xmapp721\htdocs\fask\thinkphp\lang\zh-cn.php
[ info ] [ ROUTE ] array (
  'type' => 'module',
  'module' => 
  array (
    0 => 'favicon.ico',
    1 => NULL,
    2 => NULL,
  ),
)
[ info ] [ HEADER ] array (
  'host' => 'localhost',
  'connection' => 'keep-alive',
  'user-agent' => 'Mozilla/5.0 (Windows NT 10.0; WOW64) AppleWebKit/537.36 (KHTML, like Gecko) Chrome/63.0.3239.26 Safari/537.36 Core/1.63.6756.400 QQBrowser/10.3.2473.400',
  'accept-encoding' => 'gzip, deflate, br',
  'accept-language' => 'zh-CN,zh;q=0.9',
  'cookie' => 'Hm_lvt_4e5bdf78b2b9fcb88736fc67709f2806=1536927713,1537021512,1538063312,1538880214; _ga=GA1.1.1388111336.1539147199; debugMode=1; renderMode=0; device=0; __guid=111872281.1145414408046204800.1539583950603.4358; Hm_lvt_f8d0a8c400404989e195270b0bbf060a=1538069569,1538227991,1538968334,1539769121',
)
[ info ] [ PARAM ] array (
)
[ info ] [ LOG ] INIT File
---------------------------------------------------------------
[ 2018-10-19T23:42:15+08:00 ] 0.0.0.0 GET /favicon.ico
[ info ] localhost/favicon.ico [运行时间：0.053483s][吞吐率：18.70req/s] [内存消耗：1,474.51kb] [文件加载：48]
[ info ] [ BEHAVIOR ] Run Closure @app_init [ RunTime:0.000028s ]
[ info ] [ CACHE ] INIT File
[ info ] [ BEHAVIOR ] Run Closure @app_init [ RunTime:0.003397s ]
[ info ] [ LANG ] E:\install\server\xmapp721\htdocs\fask\thinkphp\lang\zh-cn.php
[ info ] [ ROUTE ] array (
  'type' => 'module',
  'module' => 
  array (
    0 => 'favicon.ico',
    1 => NULL,
    2 => NULL,
  ),
)
[ info ] [ HEADER ] array (
  'host' => 'localhost',
  'connection' => 'keep-alive',
  'user-agent' => 'Mozilla/5.0 (Windows NT 10.0; WOW64) AppleWebKit/537.36 (KHTML, like Gecko) Chrome/63.0.3239.26 Safari/537.36 Core/1.63.6756.400 QQBrowser/10.3.2473.400',
  'accept-encoding' => 'gzip, deflate, br',
  'accept-language' => 'zh-CN,zh;q=0.9',
  'cookie' => 'Hm_lvt_4e5bdf78b2b9fcb88736fc67709f2806=1536927713,1537021512,1538063312,1538880214; _ga=GA1.1.1388111336.1539147199; debugMode=1; renderMode=0; device=0; __guid=111872281.1145414408046204800.1539583950603.4358; Hm_lvt_f8d0a8c400404989e195270b0bbf060a=1538069569,1538227991,1538968334,1539769121',
)
[ info ] [ PARAM ] array (
)
[ info ] [ LOG ] INIT File
---------------------------------------------------------------
[ 2018-10-19T23:46:26+08:00 ] 0.0.0.0 GET /favicon.ico
[ info ] localhost/favicon.ico [运行时间：0.102097s][吞吐率：9.79req/s] [内存消耗：1,474.51kb] [文件加载：48]
[ info ] [ BEHAVIOR ] Run Closure @app_init [ RunTime:0.000049s ]
[ info ] [ CACHE ] INIT File
[ info ] [ BEHAVIOR ] Run Closure @app_init [ RunTime:0.003450s ]
[ info ] [ LANG ] E:\install\server\xmapp721\htdocs\fask\thinkphp\lang\zh-cn.php
[ info ] [ ROUTE ] array (
  'type' => 'module',
  'module' => 
  array (
    0 => 'favicon.ico',
    1 => NULL,
    2 => NULL,
  ),
)
[ info ] [ HEADER ] array (
  'host' => 'localhost',
  'connection' => 'keep-alive',
  'user-agent' => 'Mozilla/5.0 (Windows NT 10.0; WOW64) AppleWebKit/537.36 (KHTML, like Gecko) Chrome/63.0.3239.26 Safari/537.36 Core/1.63.6756.400 QQBrowser/10.3.2473.400',
  'accept-encoding' => 'gzip, deflate, br',
  'accept-language' => 'zh-CN,zh;q=0.9',
  'cookie' => 'Hm_lvt_4e5bdf78b2b9fcb88736fc67709f2806=1536927713,1537021512,1538063312,1538880214; _ga=GA1.1.1388111336.1539147199; debugMode=1; renderMode=0; device=0; __guid=111872281.1145414408046204800.1539583950603.4358; Hm_lvt_f8d0a8c400404989e195270b0bbf060a=1538069569,1538227991,1538968334,1539769121',
)
[ info ] [ PARAM ] array (
)
[ info ] [ LOG ] INIT File
---------------------------------------------------------------
[ 2018-10-19T23:58:20+08:00 ] 0.0.0.0 GET /favicon.ico
[ info ] localhost/favicon.ico [运行时间：0.052072s][吞吐率：19.20req/s] [内存消耗：1,474.51kb] [文件加载：48]
[ info ] [ BEHAVIOR ] Run Closure @app_init [ RunTime:0.000035s ]
[ info ] [ CACHE ] INIT File
[ info ] [ BEHAVIOR ] Run Closure @app_init [ RunTime:0.005337s ]
[ info ] [ LANG ] E:\install\server\xmapp721\htdocs\fask\thinkphp\lang\zh-cn.php
[ info ] [ ROUTE ] array (
  'type' => 'module',
  'module' => 
  array (
    0 => 'favicon.ico',
    1 => NULL,
    2 => NULL,
  ),
)
[ info ] [ HEADER ] array (
  'host' => 'localhost',
  'connection' => 'keep-alive',
  'user-agent' => 'Mozilla/5.0 (Windows NT 10.0; WOW64) AppleWebKit/537.36 (KHTML, like Gecko) Chrome/63.0.3239.26 Safari/537.36 Core/1.63.6756.400 QQBrowser/10.3.2473.400',
  'accept-encoding' => 'gzip, deflate, br',
  'accept-language' => 'zh-CN,zh;q=0.9',
  'cookie' => 'Hm_lvt_4e5bdf78b2b9fcb88736fc67709f2806=1536927713,1537021512,1538063312,1538880214; _ga=GA1.1.1388111336.1539147199; debugMode=1; renderMode=0; device=0; __guid=111872281.1145414408046204800.1539583950603.4358; Hm_lvt_f8d0a8c400404989e195270b0bbf060a=1538069569,1538227991,1538968334,1539769121',
)
[ info ] [ PARAM ] array (
)
[ info ] [ LOG ] INIT File
---------------------------------------------------------------
[ 2018-10-19T23:59:17+08:00 ] 0.0.0.0 GET /favicon.ico
[ info ] localhost/favicon.ico [运行时间：0.037916s][吞吐率：26.37req/s] [内存消耗：1,474.51kb] [文件加载：48]
[ info ] [ BEHAVIOR ] Run Closure @app_init [ RunTime:0.000025s ]
[ info ] [ CACHE ] INIT File
[ info ] [ BEHAVIOR ] Run Closure @app_init [ RunTime:0.002142s ]
[ info ] [ LANG ] E:\install\server\xmapp721\htdocs\fask\thinkphp\lang\zh-cn.php
[ info ] [ ROUTE ] array (
  'type' => 'module',
  'module' => 
  array (
    0 => 'favicon.ico',
    1 => NULL,
    2 => NULL,
  ),
)
[ info ] [ HEADER ] array (
  'host' => 'localhost',
  'connection' => 'keep-alive',
  'user-agent' => 'Mozilla/5.0 (Windows NT 10.0; WOW64) AppleWebKit/537.36 (KHTML, like Gecko) Chrome/63.0.3239.26 Safari/537.36 Core/1.63.6756.400 QQBrowser/10.3.2473.400',
  'accept-encoding' => 'gzip, deflate, br',
  'accept-language' => 'zh-CN,zh;q=0.9',
  'cookie' => 'Hm_lvt_4e5bdf78b2b9fcb88736fc67709f2806=1536927713,1537021512,1538063312,1538880214; _ga=GA1.1.1388111336.1539147199; debugMode=1; renderMode=0; device=0; __guid=111872281.1145414408046204800.1539583950603.4358; Hm_lvt_f8d0a8c400404989e195270b0bbf060a=1538069569,1538227991,1538968334,1539769121',
)
[ info ] [ PARAM ] array (
)
[ info ] [ LOG ] INIT File
