---------------------------------------------------------------
[ 2018-11-03T16:17:01+08:00 ] 0.0.0.0 GET /favicon.ico
[ info ] localhost/favicon.ico [运行时间：1.202893s][吞吐率：0.83req/s] [内存消耗：1,473.18kb] [文件加载：48]
[ info ] [ BEHAVIOR ] Run Closure @app_init [ RunTime:0.016656s ]
[ info ] [ CACHE ] INIT File
[ info ] [ BEHAVIOR ] Run Closure @app_init [ RunTime:0.052076s ]
[ info ] [ LANG ] E:\install\server\xmapp721\htdocs\fask\thinkphp\lang\zh-cn.php
[ info ] [ ROUTE ] array (
  'type' => 'module',
  'module' => 
  array (
    0 => 'favicon.ico',
    1 => NULL,
    2 => NULL,
  ),
)
[ info ] [ HEADER ] array (
  'host' => 'localhost',
  'connection' => 'keep-alive',
  'user-agent' => 'Mozilla/5.0 (Windows NT 10.0; WOW64) AppleWebKit/537.36 (KHTML, like Gecko) Chrome/63.0.3239.26 Safari/537.36 Core/1.63.5603.400 QQBrowser/10.1.1775.400',
  'accept-encoding' => 'gzip, deflate, br',
  'accept-language' => 'zh-CN,zh;q=0.9',
  'cookie' => '__guid=111872281.1111390201129146600.1540370156582.2195; _ga=GA1.1.1315841170.1540630862; __51cke__=; __tins__18759442=%7B%22sid%22%3A%201541160967933%2C%20%22vd%22%3A%201%2C%20%22expires%22%3A%201541162767933%7D; __51laig__=9',
)
[ info ] [ PARAM ] array (
)
[ info ] [ LOG ] INIT File
---------------------------------------------------------------
[ 2018-11-03T20:45:56+08:00 ] 0.0.0.0 GET /favicon.ico
[ info ] localhost/favicon.ico [运行时间：0.087380s][吞吐率：11.44req/s] [内存消耗：1,473.20kb] [文件加载：48]
[ info ] [ BEHAVIOR ] Run Closure @app_init [ RunTime:0.000170s ]
[ info ] [ CACHE ] INIT File
[ info ] [ BEHAVIOR ] Run Closure @app_init [ RunTime:0.007619s ]
[ info ] [ LANG ] E:\install\server\xmapp721\htdocs\fask\thinkphp\lang\zh-cn.php
[ info ] [ ROUTE ] array (
  'type' => 'module',
  'module' => 
  array (
    0 => 'favicon.ico',
    1 => NULL,
    2 => NULL,
  ),
)
[ info ] [ HEADER ] array (
  'host' => 'localhost',
  'connection' => 'keep-alive',
  'user-agent' => 'Mozilla/5.0 (Windows NT 10.0; WOW64) AppleWebKit/537.36 (KHTML, like Gecko) Chrome/63.0.3239.26 Safari/537.36 Core/1.63.5603.400 QQBrowser/10.1.1775.400',
  'accept-encoding' => 'gzip, deflate, br',
  'accept-language' => 'zh-CN,zh;q=0.9',
  'cookie' => '__guid=111872281.1111390201129146600.1540370156582.2195; _ga=GA1.1.1315841170.1540630862; __51cke__=; __tins__18759442=%7B%22sid%22%3A%201541160967933%2C%20%22vd%22%3A%201%2C%20%22expires%22%3A%201541162767933%7D; __51laig__=9',
)
[ info ] [ PARAM ] array (
)
[ info ] [ LOG ] INIT File
---------------------------------------------------------------
[ 2018-11-03T20:45:57+08:00 ] 0.0.0.0 GET /favicon.ico
[ info ] localhost/favicon.ico [运行时间：0.062198s][吞吐率：16.08req/s] [内存消耗：1,473.20kb] [文件加载：48]
[ info ] [ BEHAVIOR ] Run Closure @app_init [ RunTime:0.000032s ]
[ info ] [ CACHE ] INIT File
[ info ] [ BEHAVIOR ] Run Closure @app_init [ RunTime:0.005521s ]
[ info ] [ LANG ] E:\install\server\xmapp721\htdocs\fask\thinkphp\lang\zh-cn.php
[ info ] [ ROUTE ] array (
  'type' => 'module',
  'module' => 
  array (
    0 => 'favicon.ico',
    1 => NULL,
    2 => NULL,
  ),
)
[ info ] [ HEADER ] array (
  'host' => 'localhost',
  'connection' => 'keep-alive',
  'user-agent' => 'Mozilla/5.0 (Windows NT 10.0; WOW64) AppleWebKit/537.36 (KHTML, like Gecko) Chrome/63.0.3239.26 Safari/537.36 Core/1.63.5603.400 QQBrowser/10.1.1775.400',
  'accept-encoding' => 'gzip, deflate, br',
  'accept-language' => 'zh-CN,zh;q=0.9',
  'cookie' => '__guid=111872281.1111390201129146600.1540370156582.2195; _ga=GA1.1.1315841170.1540630862; __51cke__=; __tins__18759442=%7B%22sid%22%3A%201541160967933%2C%20%22vd%22%3A%201%2C%20%22expires%22%3A%201541162767933%7D; __51laig__=9',
)
[ info ] [ PARAM ] array (
)
[ info ] [ LOG ] INIT File
---------------------------------------------------------------
[ 2018-11-03T21:38:58+08:00 ] 0.0.0.0 GET /favicon.ico
[ info ] localhost/favicon.ico [运行时间：0.076403s][吞吐率：13.09req/s] [内存消耗：1,473.20kb] [文件加载：48]
[ info ] [ BEHAVIOR ] Run Closure @app_init [ RunTime:0.000187s ]
[ info ] [ CACHE ] INIT File
[ info ] [ BEHAVIOR ] Run Closure @app_init [ RunTime:0.007671s ]
[ info ] [ LANG ] E:\install\server\xmapp721\htdocs\fask\thinkphp\lang\zh-cn.php
[ info ] [ ROUTE ] array (
  'type' => 'module',
  'module' => 
  array (
    0 => 'favicon.ico',
    1 => NULL,
    2 => NULL,
  ),
)
[ info ] [ HEADER ] array (
  'host' => 'localhost',
  'connection' => 'keep-alive',
  'user-agent' => 'Mozilla/5.0 (Windows NT 10.0; WOW64) AppleWebKit/537.36 (KHTML, like Gecko) Chrome/63.0.3239.26 Safari/537.36 Core/1.63.5603.400 QQBrowser/10.1.1775.400',
  'accept-encoding' => 'gzip, deflate, br',
  'accept-language' => 'zh-CN,zh;q=0.9',
  'cookie' => '__guid=111872281.1111390201129146600.1540370156582.2195; _ga=GA1.1.1315841170.1540630862; __51cke__=; __tins__18759442=%7B%22sid%22%3A%201541160967933%2C%20%22vd%22%3A%201%2C%20%22expires%22%3A%201541162767933%7D; __51laig__=9',
)
[ info ] [ PARAM ] array (
)
[ info ] [ LOG ] INIT File
