---------------------------------------------------------------
[ 2018-11-05T08:40:03+08:00 ] 127.0.0.1 GET http://input.shouji.sogou.com/jsp/personalcenter/pcgettime.jsp?h=E19E323CEB44991911ADC1390D8F0954&v=8.8.0.1956&r=0000_sogou_pinyin_88b&St=1&Ut=1
[ info ] input.shouji.sogou.comhttp://input.shouji.sogou.com/jsp/personalcenter/pcgettime.jsp?h=E19E323CEB44991911ADC1390D8F0954&v=8.8.0.1956&r=0000_sogou_pinyin_88b&St=1&Ut=1 [运行时间：0.062826s][吞吐率：15.92req/s] [内存消耗：1,471.98kb] [文件加载：48]
[ info ] [ BEHAVIOR ] Run Closure @app_init [ RunTime:0.000122s ]
[ info ] [ CACHE ] INIT File
[ info ] [ BEHAVIOR ] Run Closure @app_init [ RunTime:0.005280s ]
[ info ] [ LANG ] E:\install\server\xmapp721\htdocs\fask\thinkphp\lang\zh-cn.php
[ info ] [ ROUTE ] array (
  'type' => 'module',
  'module' => 
  array (
    0 => 'jsp',
    1 => 'personalcenter',
    2 => 'pcgettime.jsp',
  ),
)
[ info ] [ HEADER ] array (
  'user-agent' => 'SOGOU_UPDATER',
  'host' => 'input.shouji.sogou.com',
  'accept' => '*/*',
  'proxy-connection' => 'Keep-Alive',
)
[ info ] [ PARAM ] array (
  'h' => 'E19E323CEB44991911ADC1390D8F0954',
  'v' => '8.8.0.1956',
  'r' => '0000_sogou_pinyin_88b',
  'St' => '1',
  'Ut' => '1',
)
[ info ] [ LOG ] INIT File
---------------------------------------------------------------
[ 2018-11-05T08:50:03+08:00 ] 127.0.0.1 GET http://input.shouji.sogou.com/jsp/personalcenter/pcgettime.jsp?h=E19E323CEB44991911ADC1390D8F0954&v=8.8.0.1956&r=0000_sogou_pinyin_88b&St=1&Ut=1
[ info ] input.shouji.sogou.comhttp://input.shouji.sogou.com/jsp/personalcenter/pcgettime.jsp?h=E19E323CEB44991911ADC1390D8F0954&v=8.8.0.1956&r=0000_sogou_pinyin_88b&St=1&Ut=1 [运行时间：0.054334s][吞吐率：18.40req/s] [内存消耗：1,472.00kb] [文件加载：48]
[ info ] [ BEHAVIOR ] Run Closure @app_init [ RunTime:0.000025s ]
[ info ] [ CACHE ] INIT File
[ info ] [ BEHAVIOR ] Run Closure @app_init [ RunTime:0.004900s ]
[ info ] [ LANG ] E:\install\server\xmapp721\htdocs\fask\thinkphp\lang\zh-cn.php
[ info ] [ ROUTE ] array (
  'type' => 'module',
  'module' => 
  array (
    0 => 'jsp',
    1 => 'personalcenter',
    2 => 'pcgettime.jsp',
  ),
)
[ info ] [ HEADER ] array (
  'user-agent' => 'SOGOU_UPDATER',
  'host' => 'input.shouji.sogou.com',
  'accept' => '*/*',
  'proxy-connection' => 'Keep-Alive',
)
[ info ] [ PARAM ] array (
  'h' => 'E19E323CEB44991911ADC1390D8F0954',
  'v' => '8.8.0.1956',
  'r' => '0000_sogou_pinyin_88b',
  'St' => '1',
  'Ut' => '1',
)
[ info ] [ LOG ] INIT File
---------------------------------------------------------------
[ 2018-11-05T09:10:03+08:00 ] 127.0.0.1 GET http://input.shouji.sogou.com/jsp/personalcenter/pcgettime.jsp?h=E19E323CEB44991911ADC1390D8F0954&v=8.8.0.1956&r=0000_sogou_pinyin_88b&St=1&Ut=1
[ info ] input.shouji.sogou.comhttp://input.shouji.sogou.com/jsp/personalcenter/pcgettime.jsp?h=E19E323CEB44991911ADC1390D8F0954&v=8.8.0.1956&r=0000_sogou_pinyin_88b&St=1&Ut=1 [运行时间：0.055186s][吞吐率：18.12req/s] [内存消耗：1,472.00kb] [文件加载：48]
[ info ] [ BEHAVIOR ] Run Closure @app_init [ RunTime:0.000023s ]
[ info ] [ CACHE ] INIT File
[ info ] [ BEHAVIOR ] Run Closure @app_init [ RunTime:0.004916s ]
[ info ] [ LANG ] E:\install\server\xmapp721\htdocs\fask\thinkphp\lang\zh-cn.php
[ info ] [ ROUTE ] array (
  'type' => 'module',
  'module' => 
  array (
    0 => 'jsp',
    1 => 'personalcenter',
    2 => 'pcgettime.jsp',
  ),
)
[ info ] [ HEADER ] array (
  'user-agent' => 'SOGOU_UPDATER',
  'host' => 'input.shouji.sogou.com',
  'accept' => '*/*',
  'proxy-connection' => 'Keep-Alive',
)
[ info ] [ PARAM ] array (
  'h' => 'E19E323CEB44991911ADC1390D8F0954',
  'v' => '8.8.0.1956',
  'r' => '0000_sogou_pinyin_88b',
  'St' => '1',
  'Ut' => '1',
)
[ info ] [ LOG ] INIT File
---------------------------------------------------------------
[ 2018-11-05T09:50:03+08:00 ] 127.0.0.1 GET http://input.shouji.sogou.com/jsp/personalcenter/pcgettime.jsp?h=E19E323CEB44991911ADC1390D8F0954&v=8.8.0.1956&r=0000_sogou_pinyin_88b&St=1&Ut=1
[ info ] input.shouji.sogou.comhttp://input.shouji.sogou.com/jsp/personalcenter/pcgettime.jsp?h=E19E323CEB44991911ADC1390D8F0954&v=8.8.0.1956&r=0000_sogou_pinyin_88b&St=1&Ut=1 [运行时间：0.072714s][吞吐率：13.75req/s] [内存消耗：1,472.00kb] [文件加载：48]
[ info ] [ BEHAVIOR ] Run Closure @app_init [ RunTime:0.000025s ]
[ info ] [ CACHE ] INIT File
[ info ] [ BEHAVIOR ] Run Closure @app_init [ RunTime:0.005072s ]
[ info ] [ LANG ] E:\install\server\xmapp721\htdocs\fask\thinkphp\lang\zh-cn.php
[ info ] [ ROUTE ] array (
  'type' => 'module',
  'module' => 
  array (
    0 => 'jsp',
    1 => 'personalcenter',
    2 => 'pcgettime.jsp',
  ),
)
[ info ] [ HEADER ] array (
  'user-agent' => 'SOGOU_UPDATER',
  'host' => 'input.shouji.sogou.com',
  'accept' => '*/*',
  'proxy-connection' => 'Keep-Alive',
)
[ info ] [ PARAM ] array (
  'h' => 'E19E323CEB44991911ADC1390D8F0954',
  'v' => '8.8.0.1956',
  'r' => '0000_sogou_pinyin_88b',
  'St' => '1',
  'Ut' => '1',
)
[ info ] [ LOG ] INIT File
---------------------------------------------------------------
[ 2018-11-05T11:10:03+08:00 ] 127.0.0.1 GET http://input.shouji.sogou.com/jsp/personalcenter/pcgettime.jsp?h=E19E323CEB44991911ADC1390D8F0954&v=8.8.0.1956&r=0000_sogou_pinyin_88b&St=1&Ut=1
[ info ] input.shouji.sogou.comhttp://input.shouji.sogou.com/jsp/personalcenter/pcgettime.jsp?h=E19E323CEB44991911ADC1390D8F0954&v=8.8.0.1956&r=0000_sogou_pinyin_88b&St=1&Ut=1 [运行时间：0.068414s][吞吐率：14.62req/s] [内存消耗：1,472.00kb] [文件加载：48]
[ info ] [ BEHAVIOR ] Run Closure @app_init [ RunTime:0.000169s ]
[ info ] [ CACHE ] INIT File
[ info ] [ BEHAVIOR ] Run Closure @app_init [ RunTime:0.007437s ]
[ info ] [ LANG ] E:\install\server\xmapp721\htdocs\fask\thinkphp\lang\zh-cn.php
[ info ] [ ROUTE ] array (
  'type' => 'module',
  'module' => 
  array (
    0 => 'jsp',
    1 => 'personalcenter',
    2 => 'pcgettime.jsp',
  ),
)
[ info ] [ HEADER ] array (
  'user-agent' => 'SOGOU_UPDATER',
  'host' => 'input.shouji.sogou.com',
  'accept' => '*/*',
  'proxy-connection' => 'Keep-Alive',
)
[ info ] [ PARAM ] array (
  'h' => 'E19E323CEB44991911ADC1390D8F0954',
  'v' => '8.8.0.1956',
  'r' => '0000_sogou_pinyin_88b',
  'St' => '1',
  'Ut' => '1',
)
[ info ] [ LOG ] INIT File
---------------------------------------------------------------
[ 2018-11-05T11:31:27+08:00 ] 127.0.0.1 GET http://config.pinyin.sogou.com/api/toolbox/geturl.php?h=E19E323CEB44991911ADC1390D8F0954&v=8.8.0.1956&r=0000_sogou_pinyin_88b
[ info ] config.pinyin.sogou.comhttp://config.pinyin.sogou.com/api/toolbox/geturl.php?h=E19E323CEB44991911ADC1390D8F0954&v=8.8.0.1956&r=0000_sogou_pinyin_88b [运行时间：0.145050s][吞吐率：6.89req/s] [内存消耗：1,633.03kb] [文件加载：55]
[ info ] [ BEHAVIOR ] Run Closure @app_init [ RunTime:0.000029s ]
[ info ] [ CACHE ] INIT File
[ info ] [ BEHAVIOR ] Run Closure @app_init [ RunTime:0.004962s ]
[ info ] [ LANG ] E:\install\server\xmapp721\htdocs\fask\thinkphp\lang\zh-cn.php
[ info ] [ ROUTE ] array (
  'type' => 'module',
  'module' => 
  array (
    0 => 'api',
    1 => 'toolbox',
    2 => 'geturl.php',
  ),
)
[ info ] [ HEADER ] array (
  'user-agent' => 'SOGOU_UPDATER',
  'host' => 'config.pinyin.sogou.com',
  'accept' => '*/*',
  'proxy-connection' => 'Keep-Alive',
)
[ info ] [ PARAM ] array (
  'h' => 'E19E323CEB44991911ADC1390D8F0954',
  'v' => '8.8.0.1956',
  'r' => '0000_sogou_pinyin_88b',
)
[ info ] [ LANG ] E:\install\server\xmapp721\htdocs\fask\public/../application/api\lang\zh-cn.php
[ info ] [ BEHAVIOR ] Run app\common\behavior\Common @module_init [ RunTime:0.016522s ]
[ info ] [ LOG ] INIT File
---------------------------------------------------------------
[ 2018-11-05T11:34:31+08:00 ] 127.0.0.1 GET http://config.pinyin.sogou.com/api/toolbox/geturl.php?h=E19E323CEB44991911ADC1390D8F0954&v=8.8.0.1956&r=0000_sogou_pinyin_88b
[ info ] config.pinyin.sogou.comhttp://config.pinyin.sogou.com/api/toolbox/geturl.php?h=E19E323CEB44991911ADC1390D8F0954&v=8.8.0.1956&r=0000_sogou_pinyin_88b [运行时间：0.080432s][吞吐率：12.43req/s] [内存消耗：1,633.03kb] [文件加载：55]
[ info ] [ BEHAVIOR ] Run Closure @app_init [ RunTime:0.000029s ]
[ info ] [ CACHE ] INIT File
[ info ] [ BEHAVIOR ] Run Closure @app_init [ RunTime:0.004975s ]
[ info ] [ LANG ] E:\install\server\xmapp721\htdocs\fask\thinkphp\lang\zh-cn.php
[ info ] [ ROUTE ] array (
  'type' => 'module',
  'module' => 
  array (
    0 => 'api',
    1 => 'toolbox',
    2 => 'geturl.php',
  ),
)
[ info ] [ HEADER ] array (
  'user-agent' => 'SOGOU_UPDATER',
  'host' => 'config.pinyin.sogou.com',
  'accept' => '*/*',
  'proxy-connection' => 'Keep-Alive',
)
[ info ] [ PARAM ] array (
  'h' => 'E19E323CEB44991911ADC1390D8F0954',
  'v' => '8.8.0.1956',
  'r' => '0000_sogou_pinyin_88b',
)
[ info ] [ LANG ] E:\install\server\xmapp721\htdocs\fask\public/../application/api\lang\zh-cn.php
[ info ] [ BEHAVIOR ] Run app\common\behavior\Common @module_init [ RunTime:0.003962s ]
[ info ] [ LOG ] INIT File
---------------------------------------------------------------
[ 2018-11-05T11:35:08+08:00 ] 0.0.0.0 GET /favicon.ico
[ info ] localhost/favicon.ico [运行时间：0.054115s][吞吐率：18.48req/s] [内存消耗：1,473.20kb] [文件加载：48]
[ info ] [ BEHAVIOR ] Run Closure @app_init [ RunTime:0.000032s ]
[ info ] [ CACHE ] INIT File
[ info ] [ BEHAVIOR ] Run Closure @app_init [ RunTime:0.004831s ]
[ info ] [ LANG ] E:\install\server\xmapp721\htdocs\fask\thinkphp\lang\zh-cn.php
[ info ] [ ROUTE ] array (
  'type' => 'module',
  'module' => 
  array (
    0 => 'favicon.ico',
    1 => NULL,
    2 => NULL,
  ),
)
[ info ] [ HEADER ] array (
  'host' => 'localhost',
  'connection' => 'keep-alive',
  'user-agent' => 'Mozilla/5.0 (Windows NT 10.0; WOW64) AppleWebKit/537.36 (KHTML, like Gecko) Chrome/63.0.3239.26 Safari/537.36 Core/1.63.5603.400 QQBrowser/10.1.1775.400',
  'accept-encoding' => 'gzip, deflate, br',
  'accept-language' => 'zh-CN,zh;q=0.9',
  'cookie' => '__guid=111872281.1111390201129146600.1540370156582.2195; _ga=GA1.1.1315841170.1540630862; __51cke__=; __tins__18759442=%7B%22sid%22%3A%201541332575689%2C%20%22vd%22%3A%201%2C%20%22expires%22%3A%201541334375689%7D; __51laig__=12',
)
[ info ] [ PARAM ] array (
)
[ info ] [ LOG ] INIT File
---------------------------------------------------------------
[ 2018-11-05T11:35:08+08:00 ] 0.0.0.0 GET /favicon.ico
[ info ] localhost/favicon.ico [运行时间：0.072852s][吞吐率：13.73req/s] [内存消耗：1,473.20kb] [文件加载：48]
[ info ] [ BEHAVIOR ] Run Closure @app_init [ RunTime:0.000032s ]
[ info ] [ CACHE ] INIT File
[ info ] [ BEHAVIOR ] Run Closure @app_init [ RunTime:0.012803s ]
[ info ] [ LANG ] E:\install\server\xmapp721\htdocs\fask\thinkphp\lang\zh-cn.php
[ info ] [ ROUTE ] array (
  'type' => 'module',
  'module' => 
  array (
    0 => 'favicon.ico',
    1 => NULL,
    2 => NULL,
  ),
)
[ info ] [ HEADER ] array (
  'host' => 'localhost',
  'connection' => 'keep-alive',
  'user-agent' => 'Mozilla/5.0 (Windows NT 10.0; WOW64) AppleWebKit/537.36 (KHTML, like Gecko) Chrome/63.0.3239.26 Safari/537.36 Core/1.63.5603.400 QQBrowser/10.1.1775.400',
  'accept-encoding' => 'gzip, deflate, br',
  'accept-language' => 'zh-CN,zh;q=0.9',
  'cookie' => '__guid=111872281.1111390201129146600.1540370156582.2195; _ga=GA1.1.1315841170.1540630862; __51cke__=; __tins__18759442=%7B%22sid%22%3A%201541332575689%2C%20%22vd%22%3A%201%2C%20%22expires%22%3A%201541334375689%7D; __51laig__=12',
)
[ info ] [ PARAM ] array (
)
[ info ] [ LOG ] INIT File
---------------------------------------------------------------
[ 2018-11-05T11:35:09+08:00 ] 0.0.0.0 GET /favicon.ico
[ info ] localhost/favicon.ico [运行时间：0.049482s][吞吐率：20.21req/s] [内存消耗：1,473.20kb] [文件加载：48]
[ info ] [ BEHAVIOR ] Run Closure @app_init [ RunTime:0.000032s ]
[ info ] [ CACHE ] INIT File
[ info ] [ BEHAVIOR ] Run Closure @app_init [ RunTime:0.004688s ]
[ info ] [ LANG ] E:\install\server\xmapp721\htdocs\fask\thinkphp\lang\zh-cn.php
[ info ] [ ROUTE ] array (
  'type' => 'module',
  'module' => 
  array (
    0 => 'favicon.ico',
    1 => NULL,
    2 => NULL,
  ),
)
[ info ] [ HEADER ] array (
  'host' => 'localhost',
  'connection' => 'keep-alive',
  'user-agent' => 'Mozilla/5.0 (Windows NT 10.0; WOW64) AppleWebKit/537.36 (KHTML, like Gecko) Chrome/63.0.3239.26 Safari/537.36 Core/1.63.5603.400 QQBrowser/10.1.1775.400',
  'accept-encoding' => 'gzip, deflate, br',
  'accept-language' => 'zh-CN,zh;q=0.9',
  'cookie' => '__guid=111872281.1111390201129146600.1540370156582.2195; _ga=GA1.1.1315841170.1540630862; __51cke__=; __tins__18759442=%7B%22sid%22%3A%201541332575689%2C%20%22vd%22%3A%201%2C%20%22expires%22%3A%201541334375689%7D; __51laig__=12',
)
[ info ] [ PARAM ] array (
)
[ info ] [ LOG ] INIT File
---------------------------------------------------------------
[ 2018-11-05T11:35:09+08:00 ] 0.0.0.0 GET /favicon.ico
[ info ] localhost/favicon.ico [运行时间：0.048946s][吞吐率：20.43req/s] [内存消耗：1,473.20kb] [文件加载：48]
[ info ] [ BEHAVIOR ] Run Closure @app_init [ RunTime:0.000033s ]
[ info ] [ CACHE ] INIT File
[ info ] [ BEHAVIOR ] Run Closure @app_init [ RunTime:0.004479s ]
[ info ] [ LANG ] E:\install\server\xmapp721\htdocs\fask\thinkphp\lang\zh-cn.php
[ info ] [ ROUTE ] array (
  'type' => 'module',
  'module' => 
  array (
    0 => 'favicon.ico',
    1 => NULL,
    2 => NULL,
  ),
)
[ info ] [ HEADER ] array (
  'host' => 'localhost',
  'connection' => 'keep-alive',
  'user-agent' => 'Mozilla/5.0 (Windows NT 10.0; WOW64) AppleWebKit/537.36 (KHTML, like Gecko) Chrome/63.0.3239.26 Safari/537.36 Core/1.63.5603.400 QQBrowser/10.1.1775.400',
  'accept-encoding' => 'gzip, deflate, br',
  'accept-language' => 'zh-CN,zh;q=0.9',
  'cookie' => '__guid=111872281.1111390201129146600.1540370156582.2195; _ga=GA1.1.1315841170.1540630862; __51cke__=; __tins__18759442=%7B%22sid%22%3A%201541332575689%2C%20%22vd%22%3A%201%2C%20%22expires%22%3A%201541334375689%7D; __51laig__=12',
)
[ info ] [ PARAM ] array (
)
[ info ] [ LOG ] INIT File
---------------------------------------------------------------
[ 2018-11-05T11:35:09+08:00 ] 0.0.0.0 GET /favicon.ico
[ info ] localhost/favicon.ico [运行时间：0.052388s][吞吐率：19.09req/s] [内存消耗：1,473.20kb] [文件加载：48]
[ info ] [ BEHAVIOR ] Run Closure @app_init [ RunTime:0.000034s ]
[ info ] [ CACHE ] INIT File
[ info ] [ BEHAVIOR ] Run Closure @app_init [ RunTime:0.004033s ]
[ info ] [ LANG ] E:\install\server\xmapp721\htdocs\fask\thinkphp\lang\zh-cn.php
[ info ] [ ROUTE ] array (
  'type' => 'module',
  'module' => 
  array (
    0 => 'favicon.ico',
    1 => NULL,
    2 => NULL,
  ),
)
[ info ] [ HEADER ] array (
  'host' => 'localhost',
  'connection' => 'keep-alive',
  'user-agent' => 'Mozilla/5.0 (Windows NT 10.0; WOW64) AppleWebKit/537.36 (KHTML, like Gecko) Chrome/63.0.3239.26 Safari/537.36 Core/1.63.5603.400 QQBrowser/10.1.1775.400',
  'accept-encoding' => 'gzip, deflate, br',
  'accept-language' => 'zh-CN,zh;q=0.9',
  'cookie' => '__guid=111872281.1111390201129146600.1540370156582.2195; _ga=GA1.1.1315841170.1540630862; __51cke__=; __tins__18759442=%7B%22sid%22%3A%201541332575689%2C%20%22vd%22%3A%201%2C%20%22expires%22%3A%201541334375689%7D; __51laig__=12',
)
[ info ] [ PARAM ] array (
)
[ info ] [ LOG ] INIT File
---------------------------------------------------------------
[ 2018-11-05T11:35:10+08:00 ] 0.0.0.0 GET /favicon.ico
[ info ] localhost/favicon.ico [运行时间：0.047273s][吞吐率：21.15req/s] [内存消耗：1,473.20kb] [文件加载：48]
[ info ] [ BEHAVIOR ] Run Closure @app_init [ RunTime:0.000029s ]
[ info ] [ CACHE ] INIT File
[ info ] [ BEHAVIOR ] Run Closure @app_init [ RunTime:0.004079s ]
[ info ] [ LANG ] E:\install\server\xmapp721\htdocs\fask\thinkphp\lang\zh-cn.php
[ info ] [ ROUTE ] array (
  'type' => 'module',
  'module' => 
  array (
    0 => 'favicon.ico',
    1 => NULL,
    2 => NULL,
  ),
)
[ info ] [ HEADER ] array (
  'host' => 'localhost',
  'connection' => 'keep-alive',
  'user-agent' => 'Mozilla/5.0 (Windows NT 10.0; WOW64) AppleWebKit/537.36 (KHTML, like Gecko) Chrome/63.0.3239.26 Safari/537.36 Core/1.63.5603.400 QQBrowser/10.1.1775.400',
  'accept-encoding' => 'gzip, deflate, br',
  'accept-language' => 'zh-CN,zh;q=0.9',
  'cookie' => '__guid=111872281.1111390201129146600.1540370156582.2195; _ga=GA1.1.1315841170.1540630862; __51cke__=; __tins__18759442=%7B%22sid%22%3A%201541332575689%2C%20%22vd%22%3A%201%2C%20%22expires%22%3A%201541334375689%7D; __51laig__=12',
)
[ info ] [ PARAM ] array (
)
[ info ] [ LOG ] INIT File
---------------------------------------------------------------
[ 2018-11-05T11:35:10+08:00 ] 0.0.0.0 GET /favicon.ico
[ info ] localhost/favicon.ico [运行时间：0.053139s][吞吐率：18.82req/s] [内存消耗：1,473.20kb] [文件加载：48]
[ info ] [ BEHAVIOR ] Run Closure @app_init [ RunTime:0.000027s ]
[ info ] [ CACHE ] INIT File
[ info ] [ BEHAVIOR ] Run Closure @app_init [ RunTime:0.003984s ]
[ info ] [ LANG ] E:\install\server\xmapp721\htdocs\fask\thinkphp\lang\zh-cn.php
[ info ] [ ROUTE ] array (
  'type' => 'module',
  'module' => 
  array (
    0 => 'favicon.ico',
    1 => NULL,
    2 => NULL,
  ),
)
[ info ] [ HEADER ] array (
  'host' => 'localhost',
  'connection' => 'keep-alive',
  'user-agent' => 'Mozilla/5.0 (Windows NT 10.0; WOW64) AppleWebKit/537.36 (KHTML, like Gecko) Chrome/63.0.3239.26 Safari/537.36 Core/1.63.5603.400 QQBrowser/10.1.1775.400',
  'accept-encoding' => 'gzip, deflate, br',
  'accept-language' => 'zh-CN,zh;q=0.9',
  'cookie' => '__guid=111872281.1111390201129146600.1540370156582.2195; _ga=GA1.1.1315841170.1540630862; __51cke__=; __tins__18759442=%7B%22sid%22%3A%201541332575689%2C%20%22vd%22%3A%201%2C%20%22expires%22%3A%201541334375689%7D; __51laig__=12',
)
[ info ] [ PARAM ] array (
)
[ info ] [ LOG ] INIT File
---------------------------------------------------------------
[ 2018-11-05T11:35:10+08:00 ] 0.0.0.0 GET /favicon.ico
[ info ] localhost/favicon.ico [运行时间：0.047194s][吞吐率：21.19req/s] [内存消耗：1,473.20kb] [文件加载：48]
[ info ] [ BEHAVIOR ] Run Closure @app_init [ RunTime:0.000029s ]
[ info ] [ CACHE ] INIT File
[ info ] [ BEHAVIOR ] Run Closure @app_init [ RunTime:0.003670s ]
[ info ] [ LANG ] E:\install\server\xmapp721\htdocs\fask\thinkphp\lang\zh-cn.php
[ info ] [ ROUTE ] array (
  'type' => 'module',
  'module' => 
  array (
    0 => 'favicon.ico',
    1 => NULL,
    2 => NULL,
  ),
)
[ info ] [ HEADER ] array (
  'host' => 'localhost',
  'connection' => 'keep-alive',
  'user-agent' => 'Mozilla/5.0 (Windows NT 10.0; WOW64) AppleWebKit/537.36 (KHTML, like Gecko) Chrome/63.0.3239.26 Safari/537.36 Core/1.63.5603.400 QQBrowser/10.1.1775.400',
  'accept-encoding' => 'gzip, deflate, br',
  'accept-language' => 'zh-CN,zh;q=0.9',
  'cookie' => '__guid=111872281.1111390201129146600.1540370156582.2195; _ga=GA1.1.1315841170.1540630862; __51cke__=; __tins__18759442=%7B%22sid%22%3A%201541332575689%2C%20%22vd%22%3A%201%2C%20%22expires%22%3A%201541334375689%7D; __51laig__=12',
)
[ info ] [ PARAM ] array (
)
[ info ] [ LOG ] INIT File
---------------------------------------------------------------
[ 2018-11-05T11:35:10+08:00 ] 0.0.0.0 GET /favicon.ico
[ info ] localhost/favicon.ico [运行时间：0.062610s][吞吐率：15.97req/s] [内存消耗：1,473.20kb] [文件加载：48]
[ info ] [ BEHAVIOR ] Run Closure @app_init [ RunTime:0.000029s ]
[ info ] [ CACHE ] INIT File
[ info ] [ BEHAVIOR ] Run Closure @app_init [ RunTime:0.004735s ]
[ info ] [ LANG ] E:\install\server\xmapp721\htdocs\fask\thinkphp\lang\zh-cn.php
[ info ] [ ROUTE ] array (
  'type' => 'module',
  'module' => 
  array (
    0 => 'favicon.ico',
    1 => NULL,
    2 => NULL,
  ),
)
[ info ] [ HEADER ] array (
  'host' => 'localhost',
  'connection' => 'keep-alive',
  'user-agent' => 'Mozilla/5.0 (Windows NT 10.0; WOW64) AppleWebKit/537.36 (KHTML, like Gecko) Chrome/63.0.3239.26 Safari/537.36 Core/1.63.5603.400 QQBrowser/10.1.1775.400',
  'accept-encoding' => 'gzip, deflate, br',
  'accept-language' => 'zh-CN,zh;q=0.9',
  'cookie' => '__guid=111872281.1111390201129146600.1540370156582.2195; _ga=GA1.1.1315841170.1540630862; __51cke__=; __tins__18759442=%7B%22sid%22%3A%201541332575689%2C%20%22vd%22%3A%201%2C%20%22expires%22%3A%201541334375689%7D; __51laig__=12',
)
[ info ] [ PARAM ] array (
)
[ info ] [ LOG ] INIT File
---------------------------------------------------------------
[ 2018-11-05T11:47:34+08:00 ] 127.0.0.1 GET http://config.pinyin.sogou.com/api/toolbox/geturl.php?h=E19E323CEB44991911ADC1390D8F0954&v=8.8.0.1956&r=0000_sogou_pinyin_88b
[ info ] config.pinyin.sogou.comhttp://config.pinyin.sogou.com/api/toolbox/geturl.php?h=E19E323CEB44991911ADC1390D8F0954&v=8.8.0.1956&r=0000_sogou_pinyin_88b [运行时间：0.089735s][吞吐率：11.14req/s] [内存消耗：1,633.03kb] [文件加载：55]
[ info ] [ BEHAVIOR ] Run Closure @app_init [ RunTime:0.000026s ]
[ info ] [ CACHE ] INIT File
[ info ] [ BEHAVIOR ] Run Closure @app_init [ RunTime:0.004785s ]
[ info ] [ LANG ] E:\install\server\xmapp721\htdocs\fask\thinkphp\lang\zh-cn.php
[ info ] [ ROUTE ] array (
  'type' => 'module',
  'module' => 
  array (
    0 => 'api',
    1 => 'toolbox',
    2 => 'geturl.php',
  ),
)
[ info ] [ HEADER ] array (
  'user-agent' => 'SOGOU_UPDATER',
  'host' => 'config.pinyin.sogou.com',
  'accept' => '*/*',
  'proxy-connection' => 'Keep-Alive',
)
[ info ] [ PARAM ] array (
  'h' => 'E19E323CEB44991911ADC1390D8F0954',
  'v' => '8.8.0.1956',
  'r' => '0000_sogou_pinyin_88b',
)
[ info ] [ LANG ] E:\install\server\xmapp721\htdocs\fask\public/../application/api\lang\zh-cn.php
[ info ] [ BEHAVIOR ] Run app\common\behavior\Common @module_init [ RunTime:0.003949s ]
[ info ] [ LOG ] INIT File
---------------------------------------------------------------
[ 2018-11-05T12:43:35+08:00 ] 127.0.0.1 GET http://config.pinyin.sogou.com/api/toolbox/geturl.php?h=E19E323CEB44991911ADC1390D8F0954&v=8.8.0.1956&r=0000_sogou_pinyin_88b
[ info ] config.pinyin.sogou.comhttp://config.pinyin.sogou.com/api/toolbox/geturl.php?h=E19E323CEB44991911ADC1390D8F0954&v=8.8.0.1956&r=0000_sogou_pinyin_88b [运行时间：0.085329s][吞吐率：11.72req/s] [内存消耗：1,633.03kb] [文件加载：55]
[ info ] [ BEHAVIOR ] Run Closure @app_init [ RunTime:0.000189s ]
[ info ] [ CACHE ] INIT File
[ info ] [ BEHAVIOR ] Run Closure @app_init [ RunTime:0.005468s ]
[ info ] [ LANG ] E:\install\server\xmapp721\htdocs\fask\thinkphp\lang\zh-cn.php
[ info ] [ ROUTE ] array (
  'type' => 'module',
  'module' => 
  array (
    0 => 'api',
    1 => 'toolbox',
    2 => 'geturl.php',
  ),
)
[ info ] [ HEADER ] array (
  'user-agent' => 'SOGOU_UPDATER',
  'host' => 'config.pinyin.sogou.com',
  'accept' => '*/*',
  'proxy-connection' => 'Keep-Alive',
)
[ info ] [ PARAM ] array (
  'h' => 'E19E323CEB44991911ADC1390D8F0954',
  'v' => '8.8.0.1956',
  'r' => '0000_sogou_pinyin_88b',
)
[ info ] [ LANG ] E:\install\server\xmapp721\htdocs\fask\public/../application/api\lang\zh-cn.php
[ info ] [ BEHAVIOR ] Run app\common\behavior\Common @module_init [ RunTime:0.004964s ]
[ info ] [ LOG ] INIT File
---------------------------------------------------------------
[ 2018-11-05T12:49:55+08:00 ] 127.0.0.1 GET http://config.pinyin.sogou.com/api/toolbox/geturl.php?h=E19E323CEB44991911ADC1390D8F0954&v=8.8.0.1956&r=0000_sogou_pinyin_88b
[ info ] config.pinyin.sogou.comhttp://config.pinyin.sogou.com/api/toolbox/geturl.php?h=E19E323CEB44991911ADC1390D8F0954&v=8.8.0.1956&r=0000_sogou_pinyin_88b [运行时间：0.077926s][吞吐率：12.83req/s] [内存消耗：1,633.03kb] [文件加载：55]
[ info ] [ BEHAVIOR ] Run Closure @app_init [ RunTime:0.000026s ]
[ info ] [ CACHE ] INIT File
[ info ] [ BEHAVIOR ] Run Closure @app_init [ RunTime:0.004754s ]
[ info ] [ LANG ] E:\install\server\xmapp721\htdocs\fask\thinkphp\lang\zh-cn.php
[ info ] [ ROUTE ] array (
  'type' => 'module',
  'module' => 
  array (
    0 => 'api',
    1 => 'toolbox',
    2 => 'geturl.php',
  ),
)
[ info ] [ HEADER ] array (
  'user-agent' => 'SOGOU_UPDATER',
  'host' => 'config.pinyin.sogou.com',
  'accept' => '*/*',
  'proxy-connection' => 'Keep-Alive',
)
[ info ] [ PARAM ] array (
  'h' => 'E19E323CEB44991911ADC1390D8F0954',
  'v' => '8.8.0.1956',
  'r' => '0000_sogou_pinyin_88b',
)
[ info ] [ LANG ] E:\install\server\xmapp721\htdocs\fask\public/../application/api\lang\zh-cn.php
[ info ] [ BEHAVIOR ] Run app\common\behavior\Common @module_init [ RunTime:0.003835s ]
[ info ] [ LOG ] INIT File
