---------------------------------------------------------------
[ 2018-11-17T00:00:25+08:00 ] 127.0.0.1 GET http://config.pinyin.sogou.com/api/toolbox/geturl.php?h=E19E323CEB44991911ADC1390D8F0954&v=8.8.0.1956&r=0000_sogou_pinyin_88b
[ info ] config.pinyin.sogou.comhttp://config.pinyin.sogou.com/api/toolbox/geturl.php?h=E19E323CEB44991911ADC1390D8F0954&v=8.8.0.1956&r=0000_sogou_pinyin_88b [运行时间：0.623699s][吞吐率：1.60req/s] [内存消耗：1,633.52kb] [文件加载：55]
[ info ] [ BEHAVIOR ] Run Closure @app_init [ RunTime:0.000116s ]
[ info ] [ CACHE ] INIT File
[ info ] [ BEHAVIOR ] Run Closure @app_init [ RunTime:0.017338s ]
[ info ] [ LANG ] E:\install\server\xmapp721\htdocs\fask\thinkphp\lang\zh-cn.php
[ info ] [ ROUTE ] array (
  'type' => 'module',
  'module' => 
  array (
    0 => 'api',
    1 => 'toolbox',
    2 => 'geturl.php',
  ),
)
[ info ] [ HEADER ] array (
  'user-agent' => 'SOGOU_UPDATER',
  'host' => 'config.pinyin.sogou.com',
  'accept' => '*/*',
  'proxy-connection' => 'Keep-Alive',
)
[ info ] [ PARAM ] array (
  'h' => 'E19E323CEB44991911ADC1390D8F0954',
  'v' => '8.8.0.1956',
  'r' => '0000_sogou_pinyin_88b',
)
[ info ] [ LANG ] E:\install\server\xmapp721\htdocs\fask\public/../application/api\lang\zh-cn.php
[ info ] [ BEHAVIOR ] Run app\common\behavior\Common @module_init [ RunTime:0.051720s ]
[ info ] [ LOG ] INIT File
---------------------------------------------------------------
[ 2018-11-17T13:12:17+08:00 ] 192.168.1.104 GET /favicon.ico
[ info ] 192.168.1.104/favicon.ico [运行时间：0.835781s][吞吐率：1.20req/s] [内存消耗：1,472.18kb] [文件加载：48]
[ info ] [ BEHAVIOR ] Run Closure @app_init [ RunTime:0.000047s ]
[ info ] [ CACHE ] INIT File
[ info ] [ BEHAVIOR ] Run Closure @app_init [ RunTime:0.029854s ]
[ info ] [ LANG ] E:\install\server\xmapp721\htdocs\fask\thinkphp\lang\zh-cn.php
[ info ] [ ROUTE ] array (
  'type' => 'module',
  'module' => 
  array (
    0 => 'favicon.ico',
    1 => NULL,
    2 => NULL,
  ),
)
[ info ] [ HEADER ] array (
  'host' => '192.168.1.104',
  'user-agent' => 'Mozilla/5.0 (Windows NT 10.0; WOW64) AppleWebKit/537.36 (KHTML, like Gecko) Chrome/63.0.3239.26 Safari/537.36 Core/1.63.6784.400 QQBrowser/10.3.2667.400',
  'accept-encoding' => 'gzip, deflate',
  'accept-language' => 'zh-CN,zh;q=0.9',
  'proxy-connection' => 'keep-alive',
  'x-lantern-version' => '4.9.0',
)
[ info ] [ PARAM ] array (
)
[ info ] [ LOG ] INIT File
---------------------------------------------------------------
[ 2018-11-17T13:12:35+08:00 ] 127.0.0.1 GET http://config.pinyin.sogou.com/api/toolbox/geturl.php?h=E19E323CEB44991911ADC1390D8F0954&v=8.8.0.1956&r=0000_sogou_pinyin_88b
[ info ] config.pinyin.sogou.comhttp://config.pinyin.sogou.com/api/toolbox/geturl.php?h=E19E323CEB44991911ADC1390D8F0954&v=8.8.0.1956&r=0000_sogou_pinyin_88b [运行时间：0.201550s][吞吐率：4.96req/s] [内存消耗：1,633.53kb] [文件加载：55]
[ info ] [ BEHAVIOR ] Run Closure @app_init [ RunTime:0.000029s ]
[ info ] [ CACHE ] INIT File
[ info ] [ BEHAVIOR ] Run Closure @app_init [ RunTime:0.006689s ]
[ info ] [ LANG ] E:\install\server\xmapp721\htdocs\fask\thinkphp\lang\zh-cn.php
[ info ] [ ROUTE ] array (
  'type' => 'module',
  'module' => 
  array (
    0 => 'api',
    1 => 'toolbox',
    2 => 'geturl.php',
  ),
)
[ info ] [ HEADER ] array (
  'user-agent' => 'SOGOU_UPDATER',
  'host' => 'config.pinyin.sogou.com',
  'accept' => '*/*',
  'proxy-connection' => 'Keep-Alive',
)
[ info ] [ PARAM ] array (
  'h' => 'E19E323CEB44991911ADC1390D8F0954',
  'v' => '8.8.0.1956',
  'r' => '0000_sogou_pinyin_88b',
)
[ info ] [ LANG ] E:\install\server\xmapp721\htdocs\fask\public/../application/api\lang\zh-cn.php
[ info ] [ BEHAVIOR ] Run app\common\behavior\Common @module_init [ RunTime:0.038278s ]
[ info ] [ LOG ] INIT File
---------------------------------------------------------------
[ 2018-11-17T13:13:55+08:00 ] 127.0.0.1 GET http://config.pinyin.sogou.com/api/toolbox/geturl.php?h=E19E323CEB44991911ADC1390D8F0954&v=8.8.0.1956&r=0000_sogou_pinyin_88b
[ info ] config.pinyin.sogou.comhttp://config.pinyin.sogou.com/api/toolbox/geturl.php?h=E19E323CEB44991911ADC1390D8F0954&v=8.8.0.1956&r=0000_sogou_pinyin_88b [运行时间：0.047267s][吞吐率：21.16req/s] [内存消耗：1,633.53kb] [文件加载：55]
[ info ] [ BEHAVIOR ] Run Closure @app_init [ RunTime:0.000046s ]
[ info ] [ CACHE ] INIT File
[ info ] [ BEHAVIOR ] Run Closure @app_init [ RunTime:0.005462s ]
[ info ] [ LANG ] E:\install\server\xmapp721\htdocs\fask\thinkphp\lang\zh-cn.php
[ info ] [ ROUTE ] array (
  'type' => 'module',
  'module' => 
  array (
    0 => 'api',
    1 => 'toolbox',
    2 => 'geturl.php',
  ),
)
[ info ] [ HEADER ] array (
  'user-agent' => 'SOGOU_UPDATER',
  'host' => 'config.pinyin.sogou.com',
  'accept' => '*/*',
  'proxy-connection' => 'Keep-Alive',
)
[ info ] [ PARAM ] array (
  'h' => 'E19E323CEB44991911ADC1390D8F0954',
  'v' => '8.8.0.1956',
  'r' => '0000_sogou_pinyin_88b',
)
[ info ] [ LANG ] E:\install\server\xmapp721\htdocs\fask\public/../application/api\lang\zh-cn.php
[ info ] [ BEHAVIOR ] Run app\common\behavior\Common @module_init [ RunTime:0.002662s ]
[ info ] [ LOG ] INIT File
---------------------------------------------------------------
[ 2018-11-17T13:17:00+08:00 ] 127.0.0.1 GET http://config.pinyin.sogou.com/api/toolbox/geturl.php?h=E19E323CEB44991911ADC1390D8F0954&v=8.8.0.1956&r=0000_sogou_pinyin_88b
[ info ] config.pinyin.sogou.comhttp://config.pinyin.sogou.com/api/toolbox/geturl.php?h=E19E323CEB44991911ADC1390D8F0954&v=8.8.0.1956&r=0000_sogou_pinyin_88b [运行时间：0.058283s][吞吐率：17.16req/s] [内存消耗：1,633.53kb] [文件加载：55]
[ info ] [ BEHAVIOR ] Run Closure @app_init [ RunTime:0.000027s ]
[ info ] [ CACHE ] INIT File
[ info ] [ BEHAVIOR ] Run Closure @app_init [ RunTime:0.004960s ]
[ info ] [ LANG ] E:\install\server\xmapp721\htdocs\fask\thinkphp\lang\zh-cn.php
[ info ] [ ROUTE ] array (
  'type' => 'module',
  'module' => 
  array (
    0 => 'api',
    1 => 'toolbox',
    2 => 'geturl.php',
  ),
)
[ info ] [ HEADER ] array (
  'user-agent' => 'SOGOU_UPDATER',
  'host' => 'config.pinyin.sogou.com',
  'accept' => '*/*',
  'proxy-connection' => 'Keep-Alive',
)
[ info ] [ PARAM ] array (
  'h' => 'E19E323CEB44991911ADC1390D8F0954',
  'v' => '8.8.0.1956',
  'r' => '0000_sogou_pinyin_88b',
)
[ info ] [ LANG ] E:\install\server\xmapp721\htdocs\fask\public/../application/api\lang\zh-cn.php
[ info ] [ BEHAVIOR ] Run app\common\behavior\Common @module_init [ RunTime:0.003651s ]
[ info ] [ LOG ] INIT File
---------------------------------------------------------------
[ 2018-11-17T13:25:01+08:00 ] 192.168.1.104 GET /favicon.ico
[ info ] 192.168.1.104/favicon.ico [运行时间：0.069638s][吞吐率：14.36req/s] [内存消耗：1,472.18kb] [文件加载：48]
[ info ] [ BEHAVIOR ] Run Closure @app_init [ RunTime:0.000073s ]
[ info ] [ CACHE ] INIT File
[ info ] [ BEHAVIOR ] Run Closure @app_init [ RunTime:0.006246s ]
[ info ] [ LANG ] E:\install\server\xmapp721\htdocs\fask\thinkphp\lang\zh-cn.php
[ info ] [ ROUTE ] array (
  'type' => 'module',
  'module' => 
  array (
    0 => 'favicon.ico',
    1 => NULL,
    2 => NULL,
  ),
)
[ info ] [ HEADER ] array (
  'host' => '192.168.1.104',
  'user-agent' => 'Mozilla/5.0 (Windows NT 10.0; WOW64) AppleWebKit/537.36 (KHTML, like Gecko) Chrome/63.0.3239.26 Safari/537.36 Core/1.63.6784.400 QQBrowser/10.3.2667.400',
  'accept-encoding' => 'gzip, deflate',
  'accept-language' => 'zh-CN,zh;q=0.9',
  'proxy-connection' => 'keep-alive',
  'x-lantern-version' => '4.9.0',
)
[ info ] [ PARAM ] array (
)
[ info ] [ LOG ] INIT File
---------------------------------------------------------------
[ 2018-11-17T13:25:07+08:00 ] 0.0.0.0 GET /favicon.ico
[ info ] localhost/favicon.ico [运行时间：0.040541s][吞吐率：24.67req/s] [内存消耗：1,473.01kb] [文件加载：48]
[ info ] [ BEHAVIOR ] Run Closure @app_init [ RunTime:0.000027s ]
[ info ] [ CACHE ] INIT File
[ info ] [ BEHAVIOR ] Run Closure @app_init [ RunTime:0.004290s ]
[ info ] [ LANG ] E:\install\server\xmapp721\htdocs\fask\thinkphp\lang\zh-cn.php
[ info ] [ ROUTE ] array (
  'type' => 'module',
  'module' => 
  array (
    0 => 'favicon.ico',
    1 => NULL,
    2 => NULL,
  ),
)
[ info ] [ HEADER ] array (
  'host' => 'localhost',
  'connection' => 'keep-alive',
  'user-agent' => 'Mozilla/5.0 (Windows NT 10.0; WOW64) AppleWebKit/537.36 (KHTML, like Gecko) Chrome/63.0.3239.26 Safari/537.36 Core/1.63.6784.400 QQBrowser/10.3.2667.400',
  'accept-encoding' => 'gzip, deflate, br',
  'accept-language' => 'zh-CN,zh;q=0.9',
  'cookie' => '__guid=111872281.1111390201129146600.1540370156582.2195; _ga=GA1.1.1315841170.1540630862; device=0; renderMode=0; _gid=GA1.1.517159028.1542352029',
)
[ info ] [ PARAM ] array (
)
[ info ] [ LOG ] INIT File
---------------------------------------------------------------
[ 2018-11-17T13:25:07+08:00 ] 0.0.0.0 GET /favicon.ico
[ info ] localhost/favicon.ico [运行时间：0.039236s][吞吐率：25.49req/s] [内存消耗：1,473.01kb] [文件加载：48]
[ info ] [ BEHAVIOR ] Run Closure @app_init [ RunTime:0.000036s ]
[ info ] [ CACHE ] INIT File
[ info ] [ BEHAVIOR ] Run Closure @app_init [ RunTime:0.004339s ]
[ info ] [ LANG ] E:\install\server\xmapp721\htdocs\fask\thinkphp\lang\zh-cn.php
[ info ] [ ROUTE ] array (
  'type' => 'module',
  'module' => 
  array (
    0 => 'favicon.ico',
    1 => NULL,
    2 => NULL,
  ),
)
[ info ] [ HEADER ] array (
  'host' => 'localhost',
  'connection' => 'keep-alive',
  'user-agent' => 'Mozilla/5.0 (Windows NT 10.0; WOW64) AppleWebKit/537.36 (KHTML, like Gecko) Chrome/63.0.3239.26 Safari/537.36 Core/1.63.6784.400 QQBrowser/10.3.2667.400',
  'accept-encoding' => 'gzip, deflate, br',
  'accept-language' => 'zh-CN,zh;q=0.9',
  'cookie' => '__guid=111872281.1111390201129146600.1540370156582.2195; _ga=GA1.1.1315841170.1540630862; device=0; renderMode=0; _gid=GA1.1.517159028.1542352029',
)
[ info ] [ PARAM ] array (
)
[ info ] [ LOG ] INIT File
---------------------------------------------------------------
[ 2018-11-17T13:25:09+08:00 ] 0.0.0.0 GET /favicon.ico
[ info ] localhost/favicon.ico [运行时间：0.052043s][吞吐率：19.21req/s] [内存消耗：1,473.01kb] [文件加载：48]
[ info ] [ BEHAVIOR ] Run Closure @app_init [ RunTime:0.000035s ]
[ info ] [ CACHE ] INIT File
[ info ] [ BEHAVIOR ] Run Closure @app_init [ RunTime:0.015796s ]
[ info ] [ LANG ] E:\install\server\xmapp721\htdocs\fask\thinkphp\lang\zh-cn.php
[ info ] [ ROUTE ] array (
  'type' => 'module',
  'module' => 
  array (
    0 => 'favicon.ico',
    1 => NULL,
    2 => NULL,
  ),
)
[ info ] [ HEADER ] array (
  'host' => 'localhost',
  'connection' => 'keep-alive',
  'user-agent' => 'Mozilla/5.0 (Windows NT 10.0; WOW64) AppleWebKit/537.36 (KHTML, like Gecko) Chrome/63.0.3239.26 Safari/537.36 Core/1.63.6784.400 QQBrowser/10.3.2667.400',
  'accept-encoding' => 'gzip, deflate, br',
  'accept-language' => 'zh-CN,zh;q=0.9',
  'cookie' => '__guid=111872281.1111390201129146600.1540370156582.2195; _ga=GA1.1.1315841170.1540630862; device=0; renderMode=0; _gid=GA1.1.517159028.1542352029',
)
[ info ] [ PARAM ] array (
)
[ info ] [ LOG ] INIT File
---------------------------------------------------------------
[ 2018-11-17T13:25:15+08:00 ] 192.168.1.104 GET /favicon.ico
[ info ] 192.168.1.104/favicon.ico [运行时间：0.076067s][吞吐率：13.15req/s] [内存消耗：1,472.18kb] [文件加载：48]
[ info ] [ BEHAVIOR ] Run Closure @app_init [ RunTime:0.001077s ]
[ info ] [ CACHE ] INIT File
[ info ] [ BEHAVIOR ] Run Closure @app_init [ RunTime:0.005995s ]
[ info ] [ LANG ] E:\install\server\xmapp721\htdocs\fask\thinkphp\lang\zh-cn.php
[ info ] [ ROUTE ] array (
  'type' => 'module',
  'module' => 
  array (
    0 => 'favicon.ico',
    1 => NULL,
    2 => NULL,
  ),
)
[ info ] [ HEADER ] array (
  'host' => '192.168.1.104',
  'user-agent' => 'Mozilla/5.0 (Windows NT 10.0; WOW64) AppleWebKit/537.36 (KHTML, like Gecko) Chrome/63.0.3239.26 Safari/537.36 Core/1.63.6784.400 QQBrowser/10.3.2667.400',
  'accept-encoding' => 'gzip, deflate',
  'accept-language' => 'zh-CN,zh;q=0.9',
  'proxy-connection' => 'keep-alive',
  'x-lantern-version' => '4.9.0',
)
[ info ] [ PARAM ] array (
)
[ info ] [ LOG ] INIT File
---------------------------------------------------------------
[ 2018-11-17T13:26:25+08:00 ] 192.168.1.104 GET /favicon.ico
[ info ] 192.168.1.104/favicon.ico [运行时间：0.048973s][吞吐率：20.42req/s] [内存消耗：1,472.18kb] [文件加载：48]
[ info ] [ BEHAVIOR ] Run Closure @app_init [ RunTime:0.000040s ]
[ info ] [ CACHE ] INIT File
[ info ] [ BEHAVIOR ] Run Closure @app_init [ RunTime:0.006124s ]
[ info ] [ LANG ] E:\install\server\xmapp721\htdocs\fask\thinkphp\lang\zh-cn.php
[ info ] [ ROUTE ] array (
  'type' => 'module',
  'module' => 
  array (
    0 => 'favicon.ico',
    1 => NULL,
    2 => NULL,
  ),
)
[ info ] [ HEADER ] array (
  'host' => '192.168.1.104',
  'user-agent' => 'Mozilla/5.0 (Windows NT 10.0; WOW64) AppleWebKit/537.36 (KHTML, like Gecko) Chrome/63.0.3239.26 Safari/537.36 Core/1.63.6784.400 QQBrowser/10.3.2667.400',
  'accept-encoding' => 'gzip, deflate',
  'accept-language' => 'zh-CN,zh;q=0.9',
  'proxy-connection' => 'keep-alive',
  'x-lantern-version' => '4.9.0',
)
[ info ] [ PARAM ] array (
)
[ info ] [ LOG ] INIT File
---------------------------------------------------------------
[ 2018-11-17T13:26:37+08:00 ] 192.168.1.104 GET /admin
[ info ] 192.168.1.104/admin [运行时间：0.557481s][吞吐率：1.79req/s] [内存消耗：2,181.27kb] [文件加载：66]
[ info ] [ BEHAVIOR ] Run Closure @app_init [ RunTime:0.000028s ]
[ info ] [ CACHE ] INIT File
[ info ] [ BEHAVIOR ] Run Closure @app_init [ RunTime:0.004351s ]
[ info ] [ LANG ] E:\install\server\xmapp721\htdocs\fask\thinkphp\lang\zh-cn.php
[ info ] [ ROUTE ] array (
  'type' => 'module',
  'module' => 
  array (
    0 => 'admin',
    1 => NULL,
    2 => NULL,
  ),
)
[ info ] [ HEADER ] array (
  'host' => '192.168.1.104',
  'user-agent' => 'Mozilla/5.0 (Windows NT 10.0; WOW64; Trident/7.0; rv:11.0) like Gecko Core/1.63.6784.400 QQBrowser/10.3.2667.400',
  'accept' => 'text/html, application/xhtml+xml, image/jxr, */*',
  'accept-encoding' => 'gzip, deflate',
  'accept-language' => 'zh-CN',
  'proxy-connection' => 'Keep-Alive',
  'x-lantern-version' => '4.9.0',
)
[ info ] [ PARAM ] array (
)
[ info ] [ LANG ] E:\install\server\xmapp721\htdocs\fask\public/../application/admin\lang\zh-cn.php
[ info ] [ BEHAVIOR ] Run app\common\behavior\Common @module_init [ RunTime:0.004700s ]
[ info ] [ SESSION ] INIT array (
  'id' => '',
  'var_session_id' => '',
  'prefix' => 'think',
  'type' => '',
  'auto_start' => true,
)
[ info ] [ VIEW ] E:\install\server\xmapp721\htdocs\fask\public/../application/common\view\tpl\dispatch_jump.tpl [ array (
  0 => 'code',
  1 => 'msg',
  2 => 'data',
  3 => 'url',
  4 => 'wait',
) ]
[ info ] [ BEHAVIOR ] Run app\admin\behavior\AdminLog @app_end [ RunTime:0.001353s ]
[ info ] [ LOG ] INIT File
---------------------------------------------------------------
[ 2018-11-17T13:26:39+08:00 ] 192.168.1.104 GET /admin/index/login?url=%2Fadmin
[ info ] 192.168.1.104/admin/index/login?url=%2Fadmin [运行时间：0.271707s][吞吐率：3.68req/s] [内存消耗：2,429.67kb] [文件加载：69]
[ info ] [ BEHAVIOR ] Run Closure @app_init [ RunTime:0.000033s ]
[ info ] [ CACHE ] INIT File
[ info ] [ BEHAVIOR ] Run Closure @app_init [ RunTime:0.004523s ]
[ info ] [ LANG ] E:\install\server\xmapp721\htdocs\fask\thinkphp\lang\zh-cn.php
[ info ] [ ROUTE ] array (
  'type' => 'module',
  'module' => 
  array (
    0 => 'admin',
    1 => 'index',
    2 => 'login',
  ),
)
[ info ] [ HEADER ] array (
  'host' => '192.168.1.104',
  'user-agent' => 'Mozilla/5.0 (Windows NT 10.0; WOW64; Trident/7.0; rv:11.0) like Gecko Core/1.63.6784.400 QQBrowser/10.3.2667.400',
  'accept' => 'text/html, application/xhtml+xml, image/jxr, */*',
  'accept-encoding' => 'gzip, deflate',
  'accept-language' => 'zh-CN',
  'cookie' => 'PHPSESSID=c6ep4mda65751bhdlnen9d7258',
  'proxy-connection' => 'Keep-Alive',
  'referer' => 'http://192.168.1.104/admin',
  'x-lantern-version' => '4.9.0',
)
[ info ] [ PARAM ] array (
  'url' => '/admin',
)
[ info ] [ LANG ] E:\install\server\xmapp721\htdocs\fask\public/../application/admin\lang\zh-cn.php
[ info ] [ BEHAVIOR ] Run app\common\behavior\Common @module_init [ RunTime:0.002564s ]
[ info ] [ SESSION ] INIT array (
  'id' => '',
  'var_session_id' => '',
  'prefix' => 'think',
  'type' => '',
  'auto_start' => true,
)
[ info ] [ LANG ] E:\install\server\xmapp721\htdocs\fask\public/../application/admin/lang/zh-cn/index.php
[ info ] [ RUN ] app\admin\controller\Index->login[ E:\install\server\xmapp721\htdocs\fask\application\admin\controller\Index.php ]
[ info ] [ VIEW ] E:\install\server\xmapp721\htdocs\fask\public/../application/admin\view\index\login.html [ array (
  0 => 'breadcrumb',
  1 => 'site',
  2 => 'config',
  3 => 'auth',
  4 => 'admin',
  5 => 'background',
  6 => 'title',
) ]
[ info ] [ BEHAVIOR ] Run app\admin\behavior\AdminLog @app_end [ RunTime:0.000450s ]
[ info ] [ LOG ] INIT File
---------------------------------------------------------------
[ 2018-11-17T13:26:40+08:00 ] 192.168.1.104 GET /admin/ajax/lang?callback=define&controllername=index&v=1542432399
[ info ] 192.168.1.104/admin/ajax/lang?callback=define&controllername=index&v=1542432399 [运行时间：0.120224s][吞吐率：8.32req/s] [内存消耗：2,436.09kb] [文件加载：69]
[ info ] [ BEHAVIOR ] Run Closure @app_init [ RunTime:0.008125s ]
[ info ] [ CACHE ] INIT File
[ info ] [ BEHAVIOR ] Run Closure @app_init [ RunTime:0.005024s ]
[ info ] [ LANG ] E:\install\server\xmapp721\htdocs\fask\thinkphp\lang\zh-cn.php
[ info ] [ ROUTE ] array (
  'type' => 'module',
  'module' => 
  array (
    0 => 'admin',
    1 => 'ajax',
    2 => 'lang',
  ),
)
[ info ] [ HEADER ] array (
  'host' => '192.168.1.104',
  'user-agent' => 'Mozilla/5.0 (Windows NT 10.0; WOW64; Trident/7.0; rv:11.0) like Gecko Core/1.63.6784.400 QQBrowser/10.3.2667.400',
  'accept' => 'application/javascript, */*;q=0.8',
  'accept-encoding' => 'gzip, deflate',
  'accept-language' => 'zh-CN',
  'cookie' => 'PHPSESSID=c6ep4mda65751bhdlnen9d7258',
  'proxy-connection' => 'Keep-Alive',
  'referer' => 'http://192.168.1.104/admin/index/login?url=%2Fadmin',
  'x-lantern-version' => '4.9.0',
)
[ info ] [ PARAM ] array (
  'callback' => 'define',
  'controllername' => 'index',
  'v' => '1542432399',
)
[ info ] [ LANG ] E:\install\server\xmapp721\htdocs\fask\public/../application/admin\lang\zh-cn.php
[ info ] [ BEHAVIOR ] Run app\common\behavior\Common @module_init [ RunTime:0.003767s ]
[ info ] [ SESSION ] INIT array (
  'id' => '',
  'var_session_id' => '',
  'prefix' => 'think',
  'type' => '',
  'auto_start' => true,
)
[ info ] [ LANG ] E:\install\server\xmapp721\htdocs\fask\public/../application/admin/lang/zh-cn/ajax.php
[ info ] [ RUN ] app\admin\controller\Ajax->lang[ E:\install\server\xmapp721\htdocs\fask\application\admin\controller\Ajax.php ]
[ info ] [ LANG ] E:\install\server\xmapp721\htdocs\fask\public/../application/admin/lang/zh-cn/index.php
[ info ] [ BEHAVIOR ] Run app\admin\behavior\AdminLog @app_end [ RunTime:0.001217s ]
[ info ] [ LOG ] INIT File
---------------------------------------------------------------
[ 2018-11-17T13:26:45+08:00 ] 192.168.1.104 GET /admin/index/login?url=%2Fadmin
[ info ] 192.168.1.104/admin/index/login?url=%2Fadmin [运行时间：0.096220s][吞吐率：10.39req/s] [内存消耗：2,430.34kb] [文件加载：69]
[ info ] [ BEHAVIOR ] Run Closure @app_init [ RunTime:0.000099s ]
[ info ] [ CACHE ] INIT File
[ info ] [ BEHAVIOR ] Run Closure @app_init [ RunTime:0.007732s ]
[ info ] [ LANG ] E:\install\server\xmapp721\htdocs\fask\thinkphp\lang\zh-cn.php
[ info ] [ ROUTE ] array (
  'type' => 'module',
  'module' => 
  array (
    0 => 'admin',
    1 => 'index',
    2 => 'login',
  ),
)
[ info ] [ HEADER ] array (
  'host' => '192.168.1.104',
  'user-agent' => 'Mozilla/5.0 (Windows NT 10.0; WOW64) AppleWebKit/537.36 (KHTML, like Gecko) Chrome/63.0.3239.26 Safari/537.36 Core/1.63.6784.400 QQBrowser/10.3.2667.400',
  'accept' => 'text/html,application/xhtml+xml,application/xml;q=0.9,image/webp,image/apng,*/*;q=0.8',
  'accept-encoding' => 'gzip, deflate',
  'accept-language' => 'zh-CN,zh;q=0.9',
  'cache-control' => 'max-age=0',
  'cookie' => 'PHPSESSID=c6ep4mda65751bhdlnen9d7258',
  'proxy-connection' => 'keep-alive',
  'upgrade-insecure-requests' => '1',
  'x-lantern-version' => '4.9.0',
)
[ info ] [ PARAM ] array (
  'url' => '/admin',
)
[ info ] [ LANG ] E:\install\server\xmapp721\htdocs\fask\public/../application/admin\lang\zh-cn.php
[ info ] [ BEHAVIOR ] Run app\common\behavior\Common @module_init [ RunTime:0.003835s ]
[ info ] [ SESSION ] INIT array (
  'id' => '',
  'var_session_id' => '',
  'prefix' => 'think',
  'type' => '',
  'auto_start' => true,
)
[ info ] [ LANG ] E:\install\server\xmapp721\htdocs\fask\public/../application/admin/lang/zh-cn/index.php
[ info ] [ RUN ] app\admin\controller\Index->login[ E:\install\server\xmapp721\htdocs\fask\application\admin\controller\Index.php ]
[ info ] [ VIEW ] E:\install\server\xmapp721\htdocs\fask\public/../application/admin\view\index\login.html [ array (
  0 => 'breadcrumb',
  1 => 'site',
  2 => 'config',
  3 => 'auth',
  4 => 'admin',
  5 => 'background',
  6 => 'title',
) ]
[ info ] [ BEHAVIOR ] Run app\admin\behavior\AdminLog @app_end [ RunTime:0.000814s ]
[ info ] [ LOG ] INIT File
---------------------------------------------------------------
[ 2018-11-17T13:26:47+08:00 ] 192.168.1.104 GET /admin/ajax/lang?callback=define&controllername=index&v=1542432405
[ info ] 192.168.1.104/admin/ajax/lang?callback=define&controllername=index&v=1542432405 [运行时间：0.089437s][吞吐率：11.18req/s] [内存消耗：2,436.11kb] [文件加载：69]
[ info ] [ BEHAVIOR ] Run Closure @app_init [ RunTime:0.000091s ]
[ info ] [ CACHE ] INIT File
[ info ] [ BEHAVIOR ] Run Closure @app_init [ RunTime:0.005722s ]
[ info ] [ LANG ] E:\install\server\xmapp721\htdocs\fask\thinkphp\lang\zh-cn.php
[ info ] [ ROUTE ] array (
  'type' => 'module',
  'module' => 
  array (
    0 => 'admin',
    1 => 'ajax',
    2 => 'lang',
  ),
)
[ info ] [ HEADER ] array (
  'host' => '192.168.1.104',
  'user-agent' => 'Mozilla/5.0 (Windows NT 10.0; WOW64) AppleWebKit/537.36 (KHTML, like Gecko) Chrome/63.0.3239.26 Safari/537.36 Core/1.63.6784.400 QQBrowser/10.3.2667.400',
  'accept' => '*/*',
  'accept-encoding' => 'gzip, deflate',
  'accept-language' => 'zh-CN,zh;q=0.9',
  'cookie' => 'PHPSESSID=c6ep4mda65751bhdlnen9d7258',
  'proxy-connection' => 'keep-alive',
  'referer' => 'http://192.168.1.104/admin/index/login?url=%2Fadmin',
  'x-lantern-version' => '4.9.0',
)
[ info ] [ PARAM ] array (
  'callback' => 'define',
  'controllername' => 'index',
  'v' => '1542432405',
)
[ info ] [ LANG ] E:\install\server\xmapp721\htdocs\fask\public/../application/admin\lang\zh-cn.php
[ info ] [ BEHAVIOR ] Run app\common\behavior\Common @module_init [ RunTime:0.003863s ]
[ info ] [ SESSION ] INIT array (
  'id' => '',
  'var_session_id' => '',
  'prefix' => 'think',
  'type' => '',
  'auto_start' => true,
)
[ info ] [ LANG ] E:\install\server\xmapp721\htdocs\fask\public/../application/admin/lang/zh-cn/ajax.php
[ info ] [ RUN ] app\admin\controller\Ajax->lang[ E:\install\server\xmapp721\htdocs\fask\application\admin\controller\Ajax.php ]
[ info ] [ LANG ] E:\install\server\xmapp721\htdocs\fask\public/../application/admin/lang/zh-cn/index.php
[ info ] [ BEHAVIOR ] Run app\admin\behavior\AdminLog @app_end [ RunTime:0.001054s ]
[ info ] [ LOG ] INIT File
---------------------------------------------------------------
[ 2018-11-17T13:26:53+08:00 ] 192.168.1.104 GET /assets/css/backend.css.map
[ info ] 192.168.1.104/assets/css/backend.css.map [运行时间：0.054648s][吞吐率：18.30req/s] [内存消耗：1,472.77kb] [文件加载：48]
[ info ] [ BEHAVIOR ] Run Closure @app_init [ RunTime:0.000031s ]
[ info ] [ CACHE ] INIT File
[ info ] [ BEHAVIOR ] Run Closure @app_init [ RunTime:0.006046s ]
[ info ] [ LANG ] E:\install\server\xmapp721\htdocs\fask\thinkphp\lang\zh-cn.php
[ info ] [ ROUTE ] array (
  'type' => 'module',
  'module' => 
  array (
    0 => 'assets',
    1 => 'css',
    2 => 'backend.css.map',
  ),
)
[ info ] [ HEADER ] array (
  'host' => '192.168.1.104',
  'user-agent' => 'Mozilla/5.0 (iPhone; CPU iPhone OS 10_3 like Mac OS X) AppleWebKit/602.1.50 (KHTML, like Gecko) CriOS/56.0.2924.75 Mobile/14E5239e Safari/602.1',
  'accept-encoding' => 'gzip, deflate',
  'accept-language' => 'zh-CN,zh;q=0.9',
  'cookie' => 'PHPSESSID=c6ep4mda65751bhdlnen9d7258',
  'proxy-connection' => 'keep-alive',
  'x-lantern-version' => '4.9.0',
)
[ info ] [ PARAM ] array (
)
[ info ] [ LOG ] INIT File
---------------------------------------------------------------
[ 2018-11-17T13:26:53+08:00 ] 192.168.1.104 GET /assets/css/bootstrap.css.map
[ info ] 192.168.1.104/assets/css/bootstrap.css.map [运行时间：0.059488s][吞吐率：16.81req/s] [内存消耗：1,472.78kb] [文件加载：48]
[ info ] [ BEHAVIOR ] Run Closure @app_init [ RunTime:0.000032s ]
[ info ] [ CACHE ] INIT File
[ info ] [ BEHAVIOR ] Run Closure @app_init [ RunTime:0.008951s ]
[ info ] [ LANG ] E:\install\server\xmapp721\htdocs\fask\thinkphp\lang\zh-cn.php
[ info ] [ ROUTE ] array (
  'type' => 'module',
  'module' => 
  array (
    0 => 'assets',
    1 => 'css',
    2 => 'bootstrap.css.map',
  ),
)
[ info ] [ HEADER ] array (
  'host' => '192.168.1.104',
  'user-agent' => 'Mozilla/5.0 (iPhone; CPU iPhone OS 10_3 like Mac OS X) AppleWebKit/602.1.50 (KHTML, like Gecko) CriOS/56.0.2924.75 Mobile/14E5239e Safari/602.1',
  'accept-encoding' => 'gzip, deflate',
  'accept-language' => 'zh-CN,zh;q=0.9',
  'cookie' => 'PHPSESSID=c6ep4mda65751bhdlnen9d7258',
  'proxy-connection' => 'keep-alive',
  'x-lantern-version' => '4.9.0',
)
[ info ] [ PARAM ] array (
)
[ info ] [ LOG ] INIT File
---------------------------------------------------------------
[ 2018-11-17T13:26:53+08:00 ] 192.168.1.104 GET /assets/css/fastadmin.css.map
[ info ] 192.168.1.104/assets/css/fastadmin.css.map [运行时间：0.070770s][吞吐率：14.13req/s] [内存消耗：1,472.78kb] [文件加载：48]
[ info ] [ BEHAVIOR ] Run Closure @app_init [ RunTime:0.000029s ]
[ info ] [ CACHE ] INIT File
[ info ] [ BEHAVIOR ] Run Closure @app_init [ RunTime:0.012194s ]
[ info ] [ LANG ] E:\install\server\xmapp721\htdocs\fask\thinkphp\lang\zh-cn.php
[ info ] [ ROUTE ] array (
  'type' => 'module',
  'module' => 
  array (
    0 => 'assets',
    1 => 'css',
    2 => 'fastadmin.css.map',
  ),
)
[ info ] [ HEADER ] array (
  'host' => '192.168.1.104',
  'user-agent' => 'Mozilla/5.0 (iPhone; CPU iPhone OS 10_3 like Mac OS X) AppleWebKit/602.1.50 (KHTML, like Gecko) CriOS/56.0.2924.75 Mobile/14E5239e Safari/602.1',
  'accept-encoding' => 'gzip, deflate',
  'accept-language' => 'zh-CN,zh;q=0.9',
  'cookie' => 'PHPSESSID=c6ep4mda65751bhdlnen9d7258',
  'proxy-connection' => 'keep-alive',
  'x-lantern-version' => '4.9.0',
)
[ info ] [ PARAM ] array (
)
[ info ] [ LOG ] INIT File
---------------------------------------------------------------
[ 2018-11-17T13:26:53+08:00 ] 192.168.1.104 GET /assets/css/skins/skin-green.css.map
[ info ] 192.168.1.104/assets/css/skins/skin-green.css.map [运行时间：0.069936s][吞吐率：14.30req/s] [内存消耗：1,472.58kb] [文件加载：48]
[ info ] [ BEHAVIOR ] Run Closure @app_init [ RunTime:0.000032s ]
[ info ] [ CACHE ] INIT File
[ info ] [ BEHAVIOR ] Run Closure @app_init [ RunTime:0.012263s ]
[ info ] [ LANG ] E:\install\server\xmapp721\htdocs\fask\thinkphp\lang\zh-cn.php
[ info ] [ ROUTE ] array (
  'type' => 'module',
  'module' => 
  array (
    0 => 'assets',
    1 => 'css',
    2 => 'skins',
  ),
)
[ info ] [ HEADER ] array (
  'host' => '192.168.1.104',
  'user-agent' => 'Mozilla/5.0 (iPhone; CPU iPhone OS 10_3 like Mac OS X) AppleWebKit/602.1.50 (KHTML, like Gecko) CriOS/56.0.2924.75 Mobile/14E5239e Safari/602.1',
  'accept-encoding' => 'gzip, deflate',
  'accept-language' => 'zh-CN,zh;q=0.9',
  'cookie' => 'PHPSESSID=c6ep4mda65751bhdlnen9d7258',
  'proxy-connection' => 'keep-alive',
  'x-lantern-version' => '4.9.0',
)
[ info ] [ PARAM ] array (
)
[ info ] [ LOG ] INIT File
---------------------------------------------------------------
[ 2018-11-17T13:27:02+08:00 ] 192.168.1.104 POST /admin/index/login?url=%2Fadmin
[ info ] 192.168.1.104/admin/index/login?url=%2Fadmin [运行时间：1.599475s][吞吐率：0.63req/s] [内存消耗：3,198.30kb] [文件加载：78]
[ info ] [ BEHAVIOR ] Run Closure @app_init [ RunTime:0.000029s ]
[ info ] [ CACHE ] INIT File
[ info ] [ BEHAVIOR ] Run Closure @app_init [ RunTime:0.004277s ]
[ info ] [ LANG ] E:\install\server\xmapp721\htdocs\fask\thinkphp\lang\zh-cn.php
[ info ] [ ROUTE ] array (
  'type' => 'module',
  'module' => 
  array (
    0 => 'admin',
    1 => 'index',
    2 => 'login',
  ),
)
[ info ] [ HEADER ] array (
  'host' => '192.168.1.104',
  'user-agent' => 'Mozilla/5.0 (iPhone; CPU iPhone OS 10_3 like Mac OS X) AppleWebKit/602.1.50 (KHTML, like Gecko) CriOS/56.0.2924.75 Mobile/14E5239e Safari/602.1',
  'content-length' => '73',
  'accept' => 'application/json, text/javascript, */*; q=0.01',
  'accept-encoding' => 'gzip, deflate',
  'accept-language' => 'zh-CN,zh;q=0.9',
  'content-type' => 'application/x-www-form-urlencoded; charset=UTF-8',
  'cookie' => 'PHPSESSID=c6ep4mda65751bhdlnen9d7258',
  'origin' => 'http://192.168.1.104',
  'proxy-connection' => 'keep-alive',
  'referer' => 'http://192.168.1.104/admin/index/login?url=%2Fadmin',
  'x-lantern-version' => '4.9.0',
  'x-requested-with' => 'XMLHttpRequest',
)
[ info ] [ PARAM ] array (
  'url' => '/admin',
  '__token__' => '23086825a5280553d9472d4bce744b1c',
  'username' => 'admin',
  'password' => '123456',
)
[ info ] [ LANG ] E:\install\server\xmapp721\htdocs\fask\public/../application/admin\lang\zh-cn.php
[ info ] [ BEHAVIOR ] Run app\common\behavior\Common @module_init [ RunTime:0.002614s ]
[ info ] [ SESSION ] INIT array (
  'id' => '',
  'var_session_id' => '',
  'prefix' => 'think',
  'type' => '',
  'auto_start' => true,
)
[ info ] [ LANG ] E:\install\server\xmapp721\htdocs\fask\public/../application/admin/lang/zh-cn/index.php
[ info ] [ RUN ] app\admin\controller\Index->login[ E:\install\server\xmapp721\htdocs\fask\application\admin\controller\Index.php ]
[ info ] [ DB ] INIT mysql
[ info ] [ BEHAVIOR ] Run app\admin\behavior\AdminLog @app_end [ RunTime:0.167999s ]
[ info ] [ LOG ] INIT File
[ sql ] [ DB ] CONNECT:[ UseTime:0.585939s ] mysql:host=127.0.0.1;dbname=fastadmin;charset=utf8
[ sql ] [ SQL ] SHOW COLUMNS FROM `fa_admin` [ RunTime:0.338736s ]
[ sql ] [ SQL ] SELECT * FROM `fa_admin` WHERE  `username` = 'admin' LIMIT 1 [ RunTime:0.076991s ]
[ sql ] [ SQL ] UPDATE `fa_admin`  SET `logintime`=1542432422,`token`='3b3696b7-0d0a-4ef2-83ad-a3eacb1b6b26',`updatetime`=1542432422  WHERE  `id` = 1 [ RunTime:0.132754s ]
[ sql ] [ SQL ] SHOW COLUMNS FROM `fa_admin_log` [ RunTime:0.066758s ]
[ sql ] [ SQL ] INSERT INTO `fa_admin_log` (`title` , `content` , `url` , `admin_id` , `username` , `useragent` , `ip` , `createtime`) VALUES ('登录' , '{\"url\":\"\\/admin\",\"__token__\":\"23086825a5280553d9472d4bce744b1c\",\"username\":\"admin\"}' , '/admin/index/login?url=%2Fadmin' , 1 , 'admin' , 'Mozilla/5.0 (iPhone; CPU iPhone OS 10_3 like Mac OS X) AppleWebKit/602.1.50 (KHTML, like Gecko) CriOS/56.0.2924.75 Mobile/14E5239e Safari/602.1' , '192.168.1.104' , 1542432422) [ RunTime:0.084209s ]
---------------------------------------------------------------
[ 2018-11-17T13:27:03+08:00 ] 192.168.1.104 GET /admin
[ info ] 192.168.1.104/admin [运行时间：0.563470s][吞吐率：1.77req/s] [内存消耗：3,485.39kb] [文件加载：88]
[ info ] [ BEHAVIOR ] Run Closure @app_init [ RunTime:0.000026s ]
[ info ] [ CACHE ] INIT File
[ info ] [ BEHAVIOR ] Run Closure @app_init [ RunTime:0.004720s ]
[ info ] [ LANG ] E:\install\server\xmapp721\htdocs\fask\thinkphp\lang\zh-cn.php
[ info ] [ ROUTE ] array (
  'type' => 'module',
  'module' => 
  array (
    0 => 'admin',
    1 => NULL,
    2 => NULL,
  ),
)
[ info ] [ HEADER ] array (
  'host' => '192.168.1.104',
  'user-agent' => 'Mozilla/5.0 (iPhone; CPU iPhone OS 10_3 like Mac OS X) AppleWebKit/602.1.50 (KHTML, like Gecko) CriOS/56.0.2924.75 Mobile/14E5239e Safari/602.1',
  'accept' => 'text/html,application/xhtml+xml,application/xml;q=0.9,image/webp,image/apng,*/*;q=0.8',
  'accept-encoding' => 'gzip, deflate',
  'accept-language' => 'zh-CN,zh;q=0.9',
  'cookie' => 'PHPSESSID=c6ep4mda65751bhdlnen9d7258',
  'proxy-connection' => 'keep-alive',
  'referer' => 'http://192.168.1.104/admin/index/login?url=%2Fadmin',
  'upgrade-insecure-requests' => '1',
  'x-lantern-version' => '4.9.0',
)
[ info ] [ PARAM ] array (
)
[ info ] [ LANG ] E:\install\server\xmapp721\htdocs\fask\public/../application/admin\lang\zh-cn.php
[ info ] [ BEHAVIOR ] Run app\common\behavior\Common @module_init [ RunTime:0.002586s ]
[ info ] [ SESSION ] INIT array (
  'id' => '',
  'var_session_id' => '',
  'prefix' => 'think',
  'type' => '',
  'auto_start' => true,
)
[ info ] [ LANG ] E:\install\server\xmapp721\htdocs\fask\public/../application/admin/lang/zh-cn/index.php
[ info ] [ RUN ] app\admin\controller\Index->index[ E:\install\server\xmapp721\htdocs\fask\application\admin\controller\Index.php ]
[ info ] [ DB ] INIT mysql
[ info ] [ VIEW ] E:\install\server\xmapp721\htdocs\fask\public/../application/admin\view\index\index.html [ array (
  0 => 'breadcrumb',
  1 => 'site',
  2 => 'config',
  3 => 'auth',
  4 => 'admin',
  5 => 'menulist',
  6 => 'navlist',
  7 => 'fixedmenu',
  8 => 'referermenu',
  9 => 'title',
) ]
[ info ] [ BEHAVIOR ] Run app\admin\behavior\AdminLog @app_end [ RunTime:0.000342s ]
[ info ] [ LOG ] INIT File
[ sql ] [ DB ] CONNECT:[ UseTime:0.003965s ] mysql:host=127.0.0.1;dbname=fastadmin;charset=utf8
[ sql ] [ SQL ] SHOW COLUMNS FROM `fa_auth_group_access` [ RunTime:0.030019s ]
[ sql ] [ SQL ] SELECT `aga`.`uid`,`aga`.`group_id`,`ag`.`id`,`ag`.`pid`,`ag`.`name`,`ag`.`rules` FROM `fa_auth_group_access` `aga` LEFT JOIN `fa_auth_group` `ag` ON `aga`.`group_id`=`ag`.`id` WHERE  (  aga.uid='1' and ag.status='normal' ) [ RunTime:0.050110s ]
[ sql ] [ SQL ] SHOW COLUMNS FROM `fa_auth_rule` [ RunTime:0.031790s ]
[ sql ] [ SQL ] SELECT `id`,`pid`,`condition`,`icon`,`name`,`title`,`ismenu` FROM `fa_auth_rule` WHERE  `status` = 'normal' [ RunTime:0.001500s ]
---------------------------------------------------------------
[ 2018-11-17T13:27:04+08:00 ] 192.168.1.104 GET /assets/css/backend.css.map
[ info ] 192.168.1.104/assets/css/backend.css.map [运行时间：0.057799s][吞吐率：17.30req/s] [内存消耗：1,472.77kb] [文件加载：48]
[ info ] [ BEHAVIOR ] Run Closure @app_init [ RunTime:0.000039s ]
[ info ] [ CACHE ] INIT File
[ info ] [ BEHAVIOR ] Run Closure @app_init [ RunTime:0.007027s ]
[ info ] [ LANG ] E:\install\server\xmapp721\htdocs\fask\thinkphp\lang\zh-cn.php
[ info ] [ ROUTE ] array (
  'type' => 'module',
  'module' => 
  array (
    0 => 'assets',
    1 => 'css',
    2 => 'backend.css.map',
  ),
)
[ info ] [ HEADER ] array (
  'host' => '192.168.1.104',
  'user-agent' => 'Mozilla/5.0 (iPhone; CPU iPhone OS 10_3 like Mac OS X) AppleWebKit/602.1.50 (KHTML, like Gecko) CriOS/56.0.2924.75 Mobile/14E5239e Safari/602.1',
  'accept-encoding' => 'gzip, deflate',
  'accept-language' => 'zh-CN,zh;q=0.9',
  'cookie' => 'PHPSESSID=c6ep4mda65751bhdlnen9d7258',
  'proxy-connection' => 'keep-alive',
  'x-lantern-version' => '4.9.0',
)
[ info ] [ PARAM ] array (
)
[ info ] [ LOG ] INIT File
---------------------------------------------------------------
[ 2018-11-17T13:27:04+08:00 ] 192.168.1.104 GET /assets/css/fastadmin.css.map
[ info ] 192.168.1.104/assets/css/fastadmin.css.map [运行时间：0.058198s][吞吐率：17.18req/s] [内存消耗：1,472.78kb] [文件加载：48]
[ info ] [ BEHAVIOR ] Run Closure @app_init [ RunTime:0.000025s ]
[ info ] [ CACHE ] INIT File
[ info ] [ BEHAVIOR ] Run Closure @app_init [ RunTime:0.006046s ]
[ info ] [ LANG ] E:\install\server\xmapp721\htdocs\fask\thinkphp\lang\zh-cn.php
[ info ] [ ROUTE ] array (
  'type' => 'module',
  'module' => 
  array (
    0 => 'assets',
    1 => 'css',
    2 => 'fastadmin.css.map',
  ),
)
[ info ] [ HEADER ] array (
  'host' => '192.168.1.104',
  'user-agent' => 'Mozilla/5.0 (iPhone; CPU iPhone OS 10_3 like Mac OS X) AppleWebKit/602.1.50 (KHTML, like Gecko) CriOS/56.0.2924.75 Mobile/14E5239e Safari/602.1',
  'accept-encoding' => 'gzip, deflate',
  'accept-language' => 'zh-CN,zh;q=0.9',
  'cookie' => 'PHPSESSID=c6ep4mda65751bhdlnen9d7258',
  'proxy-connection' => 'keep-alive',
  'x-lantern-version' => '4.9.0',
)
[ info ] [ PARAM ] array (
)
[ info ] [ LOG ] INIT File
---------------------------------------------------------------
[ 2018-11-17T13:27:04+08:00 ] 192.168.1.104 GET /assets/css/bootstrap.css.map
[ info ] 192.168.1.104/assets/css/bootstrap.css.map [运行时间：0.075505s][吞吐率：13.24req/s] [内存消耗：1,472.78kb] [文件加载：48]
[ info ] [ BEHAVIOR ] Run Closure @app_init [ RunTime:0.000023s ]
[ info ] [ CACHE ] INIT File
[ info ] [ BEHAVIOR ] Run Closure @app_init [ RunTime:0.006885s ]
[ info ] [ LANG ] E:\install\server\xmapp721\htdocs\fask\thinkphp\lang\zh-cn.php
[ info ] [ ROUTE ] array (
  'type' => 'module',
  'module' => 
  array (
    0 => 'assets',
    1 => 'css',
    2 => 'bootstrap.css.map',
  ),
)
[ info ] [ HEADER ] array (
  'host' => '192.168.1.104',
  'user-agent' => 'Mozilla/5.0 (iPhone; CPU iPhone OS 10_3 like Mac OS X) AppleWebKit/602.1.50 (KHTML, like Gecko) CriOS/56.0.2924.75 Mobile/14E5239e Safari/602.1',
  'accept-encoding' => 'gzip, deflate',
  'accept-language' => 'zh-CN,zh;q=0.9',
  'cookie' => 'PHPSESSID=c6ep4mda65751bhdlnen9d7258',
  'proxy-connection' => 'keep-alive',
  'x-lantern-version' => '4.9.0',
)
[ info ] [ PARAM ] array (
)
[ info ] [ LOG ] INIT File
---------------------------------------------------------------
[ 2018-11-17T13:27:04+08:00 ] 192.168.1.104 GET /assets/css/skins/skin-green.css.map
[ info ] 192.168.1.104/assets/css/skins/skin-green.css.map [运行时间：0.077533s][吞吐率：12.90req/s] [内存消耗：1,472.58kb] [文件加载：48]
[ info ] [ BEHAVIOR ] Run Closure @app_init [ RunTime:0.000075s ]
[ info ] [ CACHE ] INIT File
[ info ] [ BEHAVIOR ] Run Closure @app_init [ RunTime:0.007767s ]
[ info ] [ LANG ] E:\install\server\xmapp721\htdocs\fask\thinkphp\lang\zh-cn.php
[ info ] [ ROUTE ] array (
  'type' => 'module',
  'module' => 
  array (
    0 => 'assets',
    1 => 'css',
    2 => 'skins',
  ),
)
[ info ] [ HEADER ] array (
  'host' => '192.168.1.104',
  'user-agent' => 'Mozilla/5.0 (iPhone; CPU iPhone OS 10_3 like Mac OS X) AppleWebKit/602.1.50 (KHTML, like Gecko) CriOS/56.0.2924.75 Mobile/14E5239e Safari/602.1',
  'accept-encoding' => 'gzip, deflate',
  'accept-language' => 'zh-CN,zh;q=0.9',
  'cookie' => 'PHPSESSID=c6ep4mda65751bhdlnen9d7258',
  'proxy-connection' => 'keep-alive',
  'x-lantern-version' => '4.9.0',
)
[ info ] [ PARAM ] array (
)
[ info ] [ LOG ] INIT File
---------------------------------------------------------------
[ 2018-11-17T13:27:04+08:00 ] 192.168.1.104 GET /admin/dashboard?addtabs=1
[ info ] 192.168.1.104/admin/dashboard?addtabs=1 [运行时间：0.343842s][吞吐率：2.91req/s] [内存消耗：3,364.69kb] [文件加载：78]
[ info ] [ BEHAVIOR ] Run Closure @app_init [ RunTime:0.000037s ]
[ info ] [ CACHE ] INIT File
[ info ] [ BEHAVIOR ] Run Closure @app_init [ RunTime:0.005076s ]
[ info ] [ LANG ] E:\install\server\xmapp721\htdocs\fask\thinkphp\lang\zh-cn.php
[ info ] [ ROUTE ] array (
  'type' => 'module',
  'module' => 
  array (
    0 => 'admin',
    1 => 'dashboard',
    2 => NULL,
  ),
)
[ info ] [ HEADER ] array (
  'host' => '192.168.1.104',
  'user-agent' => 'Mozilla/5.0 (iPhone; CPU iPhone OS 10_3 like Mac OS X) AppleWebKit/602.1.50 (KHTML, like Gecko) CriOS/56.0.2924.75 Mobile/14E5239e Safari/602.1',
  'accept' => 'text/html,application/xhtml+xml,application/xml;q=0.9,image/webp,image/apng,*/*;q=0.8',
  'accept-encoding' => 'gzip, deflate',
  'accept-language' => 'zh-CN,zh;q=0.9',
  'cookie' => 'PHPSESSID=c6ep4mda65751bhdlnen9d7258',
  'proxy-connection' => 'keep-alive',
  'referer' => 'http://192.168.1.104/admin',
  'upgrade-insecure-requests' => '1',
  'x-lantern-version' => '4.9.0',
)
[ info ] [ PARAM ] array (
  'addtabs' => '1',
)
[ info ] [ LANG ] E:\install\server\xmapp721\htdocs\fask\public/../application/admin\lang\zh-cn.php
[ info ] [ BEHAVIOR ] Run app\common\behavior\Common @module_init [ RunTime:0.003688s ]
[ info ] [ SESSION ] INIT array (
  'id' => '',
  'var_session_id' => '',
  'prefix' => 'think',
  'type' => '',
  'auto_start' => true,
)
[ info ] [ DB ] INIT mysql
[ info ] [ LANG ] E:\install\server\xmapp721\htdocs\fask\public/../application/admin/lang/zh-cn/dashboard.php
[ info ] [ RUN ] app\admin\controller\Dashboard->index[ E:\install\server\xmapp721\htdocs\fask\application\admin\controller\Dashboard.php ]
[ info ] [ VIEW ] E:\install\server\xmapp721\htdocs\fask\public/../application/admin\view\dashboard\index.html [ array (
  0 => 'breadcrumb',
  1 => 'site',
  2 => 'config',
  3 => 'auth',
  4 => 'admin',
  5 => 'totaluser',
  6 => 'totalviews',
  7 => 'totalorder',
  8 => 'totalorderamount',
  9 => 'todayuserlogin',
  10 => 'todayusersignup',
  11 => 'todayorder',
  12 => 'unsettleorder',
  13 => 'sevendnu',
  14 => 'sevendau',
  15 => 'paylist',
  16 => 'createlist',
  17 => 'addonversion',
  18 => 'uploadmode',
) ]
[ info ] [ BEHAVIOR ] Run app\admin\behavior\AdminLog @app_end [ RunTime:0.000317s ]
[ info ] [ LOG ] INIT File
[ sql ] [ DB ] CONNECT:[ UseTime:0.007215s ] mysql:host=127.0.0.1;dbname=fastadmin;charset=utf8
[ sql ] [ SQL ] SHOW COLUMNS FROM `fa_auth_group_access` [ RunTime:0.043923s ]
[ sql ] [ SQL ] SELECT `aga`.`uid`,`aga`.`group_id`,`ag`.`id`,`ag`.`pid`,`ag`.`name`,`ag`.`rules` FROM `fa_auth_group_access` `aga` LEFT JOIN `fa_auth_group` `ag` ON `aga`.`group_id`=`ag`.`id` WHERE  (  aga.uid='1' and ag.status='normal' ) [ RunTime:0.000991s ]
[ sql ] [ SQL ] SHOW COLUMNS FROM `fa_auth_rule` [ RunTime:0.058468s ]
[ sql ] [ SQL ] SELECT `id`,`pid`,`condition`,`icon`,`name`,`title`,`ismenu` FROM `fa_auth_rule` WHERE  `status` = 'normal' [ RunTime:0.001975s ]
[ sql ] [ SQL ] SELECT `title`,`remark` FROM `fa_auth_rule` WHERE  `name` = 'dashboard' LIMIT 1 [ RunTime:0.015550s ]
---------------------------------------------------------------
[ 2018-11-17T13:27:04+08:00 ] 192.168.1.104 GET /assets/css/bootstrap.css.map
[ info ] 192.168.1.104/assets/css/bootstrap.css.map [运行时间：0.047709s][吞吐率：20.96req/s] [内存消耗：1,472.78kb] [文件加载：48]
[ info ] [ BEHAVIOR ] Run Closure @app_init [ RunTime:0.000029s ]
[ info ] [ CACHE ] INIT File
[ info ] [ BEHAVIOR ] Run Closure @app_init [ RunTime:0.005102s ]
[ info ] [ LANG ] E:\install\server\xmapp721\htdocs\fask\thinkphp\lang\zh-cn.php
[ info ] [ ROUTE ] array (
  'type' => 'module',
  'module' => 
  array (
    0 => 'assets',
    1 => 'css',
    2 => 'bootstrap.css.map',
  ),
)
[ info ] [ HEADER ] array (
  'host' => '192.168.1.104',
  'user-agent' => 'Mozilla/5.0 (iPhone; CPU iPhone OS 10_3 like Mac OS X) AppleWebKit/602.1.50 (KHTML, like Gecko) CriOS/56.0.2924.75 Mobile/14E5239e Safari/602.1',
  'accept-encoding' => 'gzip, deflate',
  'accept-language' => 'zh-CN,zh;q=0.9',
  'cookie' => 'PHPSESSID=c6ep4mda65751bhdlnen9d7258',
  'proxy-connection' => 'keep-alive',
  'x-lantern-version' => '4.9.0',
)
[ info ] [ PARAM ] array (
)
[ info ] [ LOG ] INIT File
---------------------------------------------------------------
[ 2018-11-17T13:27:04+08:00 ] 192.168.1.104 GET /assets/css/skins/skin-green.css.map
[ info ] 192.168.1.104/assets/css/skins/skin-green.css.map [运行时间：0.050230s][吞吐率：19.91req/s] [内存消耗：1,472.58kb] [文件加载：48]
[ info ] [ BEHAVIOR ] Run Closure @app_init [ RunTime:0.000029s ]
[ info ] [ CACHE ] INIT File
[ info ] [ BEHAVIOR ] Run Closure @app_init [ RunTime:0.005771s ]
[ info ] [ LANG ] E:\install\server\xmapp721\htdocs\fask\thinkphp\lang\zh-cn.php
[ info ] [ ROUTE ] array (
  'type' => 'module',
  'module' => 
  array (
    0 => 'assets',
    1 => 'css',
    2 => 'skins',
  ),
)
[ info ] [ HEADER ] array (
  'host' => '192.168.1.104',
  'user-agent' => 'Mozilla/5.0 (iPhone; CPU iPhone OS 10_3 like Mac OS X) AppleWebKit/602.1.50 (KHTML, like Gecko) CriOS/56.0.2924.75 Mobile/14E5239e Safari/602.1',
  'accept-encoding' => 'gzip, deflate',
  'accept-language' => 'zh-CN,zh;q=0.9',
  'cookie' => 'PHPSESSID=c6ep4mda65751bhdlnen9d7258',
  'proxy-connection' => 'keep-alive',
  'x-lantern-version' => '4.9.0',
)
[ info ] [ PARAM ] array (
)
[ info ] [ LOG ] INIT File
---------------------------------------------------------------
[ 2018-11-17T13:27:04+08:00 ] 192.168.1.104 GET /assets/css/fastadmin.css.map
[ info ] 192.168.1.104/assets/css/fastadmin.css.map [运行时间：0.055865s][吞吐率：17.90req/s] [内存消耗：1,472.78kb] [文件加载：48]
[ info ] [ BEHAVIOR ] Run Closure @app_init [ RunTime:0.000030s ]
[ info ] [ CACHE ] INIT File
[ info ] [ BEHAVIOR ] Run Closure @app_init [ RunTime:0.008533s ]
[ info ] [ LANG ] E:\install\server\xmapp721\htdocs\fask\thinkphp\lang\zh-cn.php
[ info ] [ ROUTE ] array (
  'type' => 'module',
  'module' => 
  array (
    0 => 'assets',
    1 => 'css',
    2 => 'fastadmin.css.map',
  ),
)
[ info ] [ HEADER ] array (
  'host' => '192.168.1.104',
  'user-agent' => 'Mozilla/5.0 (iPhone; CPU iPhone OS 10_3 like Mac OS X) AppleWebKit/602.1.50 (KHTML, like Gecko) CriOS/56.0.2924.75 Mobile/14E5239e Safari/602.1',
  'accept-encoding' => 'gzip, deflate',
  'accept-language' => 'zh-CN,zh;q=0.9',
  'cookie' => 'PHPSESSID=c6ep4mda65751bhdlnen9d7258',
  'proxy-connection' => 'keep-alive',
  'x-lantern-version' => '4.9.0',
)
[ info ] [ PARAM ] array (
)
[ info ] [ LOG ] INIT File
---------------------------------------------------------------
[ 2018-11-17T13:27:04+08:00 ] 192.168.1.104 GET /assets/css/backend.css.map
[ info ] 192.168.1.104/assets/css/backend.css.map [运行时间：0.057942s][吞吐率：17.26req/s] [内存消耗：1,472.77kb] [文件加载：48]
[ info ] [ BEHAVIOR ] Run Closure @app_init [ RunTime:0.000031s ]
[ info ] [ CACHE ] INIT File
[ info ] [ BEHAVIOR ] Run Closure @app_init [ RunTime:0.008013s ]
[ info ] [ LANG ] E:\install\server\xmapp721\htdocs\fask\thinkphp\lang\zh-cn.php
[ info ] [ ROUTE ] array (
  'type' => 'module',
  'module' => 
  array (
    0 => 'assets',
    1 => 'css',
    2 => 'backend.css.map',
  ),
)
[ info ] [ HEADER ] array (
  'host' => '192.168.1.104',
  'user-agent' => 'Mozilla/5.0 (iPhone; CPU iPhone OS 10_3 like Mac OS X) AppleWebKit/602.1.50 (KHTML, like Gecko) CriOS/56.0.2924.75 Mobile/14E5239e Safari/602.1',
  'accept-encoding' => 'gzip, deflate',
  'accept-language' => 'zh-CN,zh;q=0.9',
  'cookie' => 'PHPSESSID=c6ep4mda65751bhdlnen9d7258',
  'proxy-connection' => 'keep-alive',
  'x-lantern-version' => '4.9.0',
)
[ info ] [ PARAM ] array (
)
[ info ] [ LOG ] INIT File
---------------------------------------------------------------
[ 2018-11-17T13:27:04+08:00 ] 192.168.1.104 GET /admin/ajax/lang?callback=define&controllername=dashboard&v=1542432423
[ info ] 192.168.1.104/admin/ajax/lang?callback=define&controllername=dashboard&v=1542432423 [运行时间：0.074942s][吞吐率：13.34req/s] [内存消耗：2,435.94kb] [文件加载：69]
[ info ] [ BEHAVIOR ] Run Closure @app_init [ RunTime:0.000030s ]
[ info ] [ CACHE ] INIT File
[ info ] [ BEHAVIOR ] Run Closure @app_init [ RunTime:0.004358s ]
[ info ] [ LANG ] E:\install\server\xmapp721\htdocs\fask\thinkphp\lang\zh-cn.php
[ info ] [ ROUTE ] array (
  'type' => 'module',
  'module' => 
  array (
    0 => 'admin',
    1 => 'ajax',
    2 => 'lang',
  ),
)
[ info ] [ HEADER ] array (
  'host' => '192.168.1.104',
  'user-agent' => 'Mozilla/5.0 (iPhone; CPU iPhone OS 10_3 like Mac OS X) AppleWebKit/602.1.50 (KHTML, like Gecko) CriOS/56.0.2924.75 Mobile/14E5239e Safari/602.1',
  'accept' => '*/*',
  'accept-encoding' => 'gzip, deflate',
  'accept-language' => 'zh-CN,zh;q=0.9',
  'cookie' => 'PHPSESSID=c6ep4mda65751bhdlnen9d7258',
  'proxy-connection' => 'keep-alive',
  'referer' => 'http://192.168.1.104/admin/dashboard?addtabs=1',
  'x-lantern-version' => '4.9.0',
)
[ info ] [ PARAM ] array (
  'callback' => 'define',
  'controllername' => 'dashboard',
  'v' => '1542432423',
)
[ info ] [ LANG ] E:\install\server\xmapp721\htdocs\fask\public/../application/admin\lang\zh-cn.php
[ info ] [ BEHAVIOR ] Run app\common\behavior\Common @module_init [ RunTime:0.002580s ]
[ info ] [ SESSION ] INIT array (
  'id' => '',
  'var_session_id' => '',
  'prefix' => 'think',
  'type' => '',
  'auto_start' => true,
)
[ info ] [ LANG ] E:\install\server\xmapp721\htdocs\fask\public/../application/admin/lang/zh-cn/ajax.php
[ info ] [ RUN ] app\admin\controller\Ajax->lang[ E:\install\server\xmapp721\htdocs\fask\application\admin\controller\Ajax.php ]
[ info ] [ LANG ] E:\install\server\xmapp721\htdocs\fask\public/../application/admin/lang/zh-cn/dashboard.php
[ info ] [ BEHAVIOR ] Run app\admin\behavior\AdminLog @app_end [ RunTime:0.000458s ]
[ info ] [ LOG ] INIT File
---------------------------------------------------------------
[ 2018-11-17T13:27:04+08:00 ] 192.168.1.104 GET /admin/ajax/lang?callback=define&controllername=index&v=1542432423
[ info ] 192.168.1.104/admin/ajax/lang?callback=define&controllername=index&v=1542432423 [运行时间：0.079958s][吞吐率：12.51req/s] [内存消耗：2,436.80kb] [文件加载：69]
[ info ] [ BEHAVIOR ] Run Closure @app_init [ RunTime:0.000027s ]
[ info ] [ CACHE ] INIT File
[ info ] [ BEHAVIOR ] Run Closure @app_init [ RunTime:0.004922s ]
[ info ] [ LANG ] E:\install\server\xmapp721\htdocs\fask\thinkphp\lang\zh-cn.php
[ info ] [ ROUTE ] array (
  'type' => 'module',
  'module' => 
  array (
    0 => 'admin',
    1 => 'ajax',
    2 => 'lang',
  ),
)
[ info ] [ HEADER ] array (
  'host' => '192.168.1.104',
  'user-agent' => 'Mozilla/5.0 (iPhone; CPU iPhone OS 10_3 like Mac OS X) AppleWebKit/602.1.50 (KHTML, like Gecko) CriOS/56.0.2924.75 Mobile/14E5239e Safari/602.1',
  'accept' => '*/*',
  'accept-encoding' => 'gzip, deflate',
  'accept-language' => 'zh-CN,zh;q=0.9',
  'cookie' => 'PHPSESSID=c6ep4mda65751bhdlnen9d7258',
  'proxy-connection' => 'keep-alive',
  'referer' => 'http://192.168.1.104/admin',
  'x-lantern-version' => '4.9.0',
)
[ info ] [ PARAM ] array (
  'callback' => 'define',
  'controllername' => 'index',
  'v' => '1542432423',
)
[ info ] [ LANG ] E:\install\server\xmapp721\htdocs\fask\public/../application/admin\lang\zh-cn.php
[ info ] [ BEHAVIOR ] Run app\common\behavior\Common @module_init [ RunTime:0.003436s ]
[ info ] [ SESSION ] INIT array (
  'id' => '',
  'var_session_id' => '',
  'prefix' => 'think',
  'type' => '',
  'auto_start' => true,
)
[ info ] [ LANG ] E:\install\server\xmapp721\htdocs\fask\public/../application/admin/lang/zh-cn/ajax.php
[ info ] [ RUN ] app\admin\controller\Ajax->lang[ E:\install\server\xmapp721\htdocs\fask\application\admin\controller\Ajax.php ]
[ info ] [ LANG ] E:\install\server\xmapp721\htdocs\fask\public/../application/admin/lang/zh-cn/index.php
[ info ] [ BEHAVIOR ] Run app\admin\behavior\AdminLog @app_end [ RunTime:0.001312s ]
[ info ] [ LOG ] INIT File
---------------------------------------------------------------
[ 2018-11-17T13:27:11+08:00 ] 192.168.1.104 GET /favicon.ico
[ info ] 192.168.1.104/favicon.ico [运行时间：0.069435s][吞吐率：14.40req/s] [内存消耗：1,472.68kb] [文件加载：48]
[ info ] [ BEHAVIOR ] Run Closure @app_init [ RunTime:0.000030s ]
[ info ] [ CACHE ] INIT File
[ info ] [ BEHAVIOR ] Run Closure @app_init [ RunTime:0.004569s ]
[ info ] [ LANG ] E:\install\server\xmapp721\htdocs\fask\thinkphp\lang\zh-cn.php
[ info ] [ ROUTE ] array (
  'type' => 'module',
  'module' => 
  array (
    0 => 'favicon.ico',
    1 => NULL,
    2 => NULL,
  ),
)
[ info ] [ HEADER ] array (
  'host' => '192.168.1.104',
  'user-agent' => 'Mozilla/5.0 (Windows NT 10.0; WOW64) AppleWebKit/537.36 (KHTML, like Gecko) Chrome/63.0.3239.26 Safari/537.36 Core/1.63.6784.400 QQBrowser/10.3.2667.400',
  'accept-encoding' => 'gzip, deflate',
  'accept-language' => 'zh-CN,zh;q=0.9',
  'cookie' => 'PHPSESSID=c6ep4mda65751bhdlnen9d7258',
  'proxy-connection' => 'keep-alive',
  'x-lantern-version' => '4.9.0',
)
[ info ] [ PARAM ] array (
)
[ info ] [ LOG ] INIT File
---------------------------------------------------------------
[ 2018-11-17T13:27:13+08:00 ] 192.168.1.104 GET /favicon.ico
[ info ] 192.168.1.104/favicon.ico [运行时间：0.043097s][吞吐率：23.20req/s] [内存消耗：1,472.68kb] [文件加载：48]
[ info ] [ BEHAVIOR ] Run Closure @app_init [ RunTime:0.000027s ]
[ info ] [ CACHE ] INIT File
[ info ] [ BEHAVIOR ] Run Closure @app_init [ RunTime:0.004546s ]
[ info ] [ LANG ] E:\install\server\xmapp721\htdocs\fask\thinkphp\lang\zh-cn.php
[ info ] [ ROUTE ] array (
  'type' => 'module',
  'module' => 
  array (
    0 => 'favicon.ico',
    1 => NULL,
    2 => NULL,
  ),
)
[ info ] [ HEADER ] array (
  'host' => '192.168.1.104',
  'user-agent' => 'Mozilla/5.0 (Windows NT 10.0; WOW64) AppleWebKit/537.36 (KHTML, like Gecko) Chrome/63.0.3239.26 Safari/537.36 Core/1.63.6784.400 QQBrowser/10.3.2667.400',
  'accept-encoding' => 'gzip, deflate',
  'accept-language' => 'zh-CN,zh;q=0.9',
  'cookie' => 'PHPSESSID=c6ep4mda65751bhdlnen9d7258',
  'proxy-connection' => 'keep-alive',
  'x-lantern-version' => '4.9.0',
)
[ info ] [ PARAM ] array (
)
[ info ] [ LOG ] INIT File
---------------------------------------------------------------
[ 2018-11-17T14:32:34+08:00 ] 192.168.1.104 GET /favicon.ico
[ info ] 192.168.1.104/favicon.ico [运行时间：1.070576s][吞吐率：0.93req/s] [内存消耗：1,472.68kb] [文件加载：48]
[ info ] [ BEHAVIOR ] Run Closure @app_init [ RunTime:0.016356s ]
[ info ] [ CACHE ] INIT File
[ info ] [ BEHAVIOR ] Run Closure @app_init [ RunTime:0.074825s ]
[ info ] [ LANG ] E:\install\server\xmapp721\htdocs\fask\thinkphp\lang\zh-cn.php
[ info ] [ ROUTE ] array (
  'type' => 'module',
  'module' => 
  array (
    0 => 'favicon.ico',
    1 => NULL,
    2 => NULL,
  ),
)
[ info ] [ HEADER ] array (
  'host' => '192.168.1.104',
  'user-agent' => 'Mozilla/5.0 (Windows NT 10.0; WOW64) AppleWebKit/537.36 (KHTML, like Gecko) Chrome/63.0.3239.26 Safari/537.36 Core/1.63.6784.400 QQBrowser/10.3.2667.400',
  'accept-encoding' => 'gzip, deflate',
  'accept-language' => 'zh-CN,zh;q=0.9',
  'cookie' => 'PHPSESSID=c6ep4mda65751bhdlnen9d7258',
  'proxy-connection' => 'keep-alive',
  'x-lantern-version' => '4.9.0',
)
[ info ] [ PARAM ] array (
)
[ info ] [ LOG ] INIT File
---------------------------------------------------------------
[ 2018-11-17T15:00:45+08:00 ] 127.0.0.1 GET http://config.pinyin.sogou.com/api/toolbox/geturl.php?h=E19E323CEB44991911ADC1390D8F0954&v=8.8.0.1956&r=0000_sogou_pinyin_88b
[ info ] config.pinyin.sogou.comhttp://config.pinyin.sogou.com/api/toolbox/geturl.php?h=E19E323CEB44991911ADC1390D8F0954&v=8.8.0.1956&r=0000_sogou_pinyin_88b [运行时间：0.272511s][吞吐率：3.67req/s] [内存消耗：1,633.53kb] [文件加载：55]
[ info ] [ BEHAVIOR ] Run Closure @app_init [ RunTime:0.000130s ]
[ info ] [ CACHE ] INIT File
[ info ] [ BEHAVIOR ] Run Closure @app_init [ RunTime:0.008271s ]
[ info ] [ LANG ] E:\install\server\xmapp721\htdocs\fask\thinkphp\lang\zh-cn.php
[ info ] [ ROUTE ] array (
  'type' => 'module',
  'module' => 
  array (
    0 => 'api',
    1 => 'toolbox',
    2 => 'geturl.php',
  ),
)
[ info ] [ HEADER ] array (
  'user-agent' => 'SOGOU_UPDATER',
  'host' => 'config.pinyin.sogou.com',
  'accept' => '*/*',
  'proxy-connection' => 'Keep-Alive',
)
[ info ] [ PARAM ] array (
  'h' => 'E19E323CEB44991911ADC1390D8F0954',
  'v' => '8.8.0.1956',
  'r' => '0000_sogou_pinyin_88b',
)
[ info ] [ LANG ] E:\install\server\xmapp721\htdocs\fask\public/../application/api\lang\zh-cn.php
[ info ] [ BEHAVIOR ] Run app\common\behavior\Common @module_init [ RunTime:0.074140s ]
[ info ] [ LOG ] INIT File
